Build & Publish Native Image	Build Native Executable	ï»¿2025-12-18T18:50:23.4132309Z ##[group]Run ./mvnw package -Pnative -Dquarkus.native.container-build=true -Dquarkus.application.version=3.300.3 -DskipTests
Build & Publish Native Image	Build Native Executable	2025-12-18T18:50:23.4133244Z [36;1m./mvnw package -Pnative -Dquarkus.native.container-build=true -Dquarkus.application.version=3.300.3 -DskipTests[0m
Build & Publish Native Image	Build Native Executable	2025-12-18T18:50:23.4164320Z shell: /usr/bin/bash -e {0}
Build & Publish Native Image	Build Native Executable	2025-12-18T18:50:23.4164620Z env:
Build & Publish Native Image	Build Native Executable	2025-12-18T18:50:23.4164970Z   JAVA_HOME: /opt/hostedtoolcache/Java_Temurin-Hotspot_jdk/21.0.9-10/x64
Build & Publish Native Image	Build Native Executable	2025-12-18T18:50:23.4165500Z   JAVA_HOME_21_X64: /opt/hostedtoolcache/Java_Temurin-Hotspot_jdk/21.0.9-10/x64
Build & Publish Native Image	Build Native Executable	2025-12-18T18:50:23.4165917Z   VERSION: v3.300.3
Build & Publish Native Image	Build Native Executable	2025-12-18T18:50:23.4166384Z   CLEAN_VERSION: 3.300.3
Build & Publish Native Image	Build Native Executable	2025-12-18T18:50:23.4166655Z ##[endgroup]
Build & Publish Native Image	Build Native Executable	2025-12-18T18:50:27.2893212Z [INFO] Scanning for projects...
Build & Publish Native Image	Build Native Executable	2025-12-18T18:50:27.4317589Z [INFO] 
Build & Publish Native Image	Build Native Executable	2025-12-18T18:50:27.4326360Z [INFO] ------------------------< com.scanales:homedir >------------------------
Build & Publish Native Image	Build Native Executable	2025-12-18T18:50:27.4340446Z [INFO] Building homedir 3.300.0
Build & Publish Native Image	Build Native Executable	2025-12-18T18:50:27.4341025Z [INFO]   from pom.xml
Build & Publish Native Image	Build Native Executable	2025-12-18T18:50:27.4341601Z [INFO] --------------------------------[ jar ]---------------------------------
Build & Publish Native Image	Build Native Executable	2025-12-18T18:50:28.6453640Z [INFO] 
Build & Publish Native Image	Build Native Executable	2025-12-18T18:50:28.6478692Z [INFO] --- enforcer:3.6.1:enforce (enforce) @ homedir ---
Build & Publish Native Image	Build Native Executable	2025-12-18T18:50:28.8516375Z [INFO] Rule 0: org.apache.maven.enforcer.rules.version.RequireJavaVersion passed
Build & Publish Native Image	Build Native Executable	2025-12-18T18:50:28.8517603Z [INFO] Rule 1: org.apache.maven.enforcer.rules.BanDuplicatePomDependencyVersions passed
Build & Publish Native Image	Build Native Executable	2025-12-18T18:50:28.9228459Z [INFO] Rule 2: org.apache.maven.enforcer.rules.dependency.RequireUpperBoundDeps passed
Build & Publish Native Image	Build Native Executable	2025-12-18T18:50:28.9599575Z [INFO] Rule 3: org.apache.maven.enforcer.rules.dependency.DependencyConvergence passed
Build & Publish Native Image	Build Native Executable	2025-12-18T18:50:28.9613708Z [INFO] 
Build & Publish Native Image	Build Native Executable	2025-12-18T18:50:28.9625877Z [INFO] --- git-commit-id:9.0.1:revision (get-the-git-infos) @ homedir ---
Build & Publish Native Image	Build Native Executable	2025-12-18T18:50:29.4254235Z [INFO] 
Build & Publish Native Image	Build Native Executable	2025-12-18T18:50:29.4256580Z [INFO] --- resources:3.3.1:resources (default-resources) @ homedir ---
Build & Publish Native Image	Build Native Executable	2025-12-18T18:50:29.4955399Z [INFO] Copying 113 resources from src/main/resources to target/classes
Build & Publish Native Image	Build Native Executable	2025-12-18T18:50:29.5280547Z [INFO] 
Build & Publish Native Image	Build Native Executable	2025-12-18T18:50:29.5283428Z [INFO] --- compiler:3.14.0:compile (default-compile) @ homedir ---
Build & Publish Native Image	Build Native Executable	2025-12-18T18:50:30.0291980Z [INFO] Recompiling the module because of changed source code.
Build & Publish Native Image	Build Native Executable	2025-12-18T18:50:30.0498505Z [INFO] Compiling 129 source files with javac [debug parameters target 21] to target/classes
Build & Publish Native Image	Build Native Executable	2025-12-18T18:50:33.3855222Z [INFO] 
Build & Publish Native Image	Build Native Executable	2025-12-18T18:50:33.3856495Z [INFO] --- resources:3.3.1:testResources (default-testResources) @ homedir ---
Build & Publish Native Image	Build Native Executable	2025-12-18T18:50:33.3930919Z [INFO] Copying 2 resources from src/test/resources to target/test-classes
Build & Publish Native Image	Build Native Executable	2025-12-18T18:50:33.3939153Z [INFO] 
Build & Publish Native Image	Build Native Executable	2025-12-18T18:50:33.3940283Z [INFO] --- compiler:3.14.0:testCompile (default-testCompile) @ homedir ---
Build & Publish Native Image	Build Native Executable	2025-12-18T18:50:33.4154118Z [INFO] Recompiling the module because of changed dependency.
Build & Publish Native Image	Build Native Executable	2025-12-18T18:50:33.4167623Z [INFO] Compiling 49 source files with javac [debug parameters target 21] to target/test-classes
Build & Publish Native Image	Build Native Executable	2025-12-18T18:50:34.1470174Z [INFO] 
Build & Publish Native Image	Build Native Executable	2025-12-18T18:50:34.1474480Z [INFO] --- surefire:3.5.3:test (default-test) @ homedir ---
Build & Publish Native Image	Build Native Executable	2025-12-18T18:50:34.2520930Z [INFO] Tests are skipped.
Build & Publish Native Image	Build Native Executable	2025-12-18T18:50:34.2523176Z [INFO] 
Build & Publish Native Image	Build Native Executable	2025-12-18T18:50:34.2524848Z [INFO] --- jar:3.4.1:jar (default-jar) @ homedir ---
Build & Publish Native Image	Build Native Executable	2025-12-18T18:50:34.5377338Z [INFO] Building jar: /home/runner/work/homedir/homedir/quarkus-app/target/homedir-3.300.0.jar
Build & Publish Native Image	Build Native Executable	2025-12-18T18:50:34.8060063Z [INFO] 
Build & Publish Native Image	Build Native Executable	2025-12-18T18:50:34.8067133Z [INFO] --- quarkus:3.26.4:build (default) @ homedir ---
Build & Publish Native Image	Build Native Executable	2025-12-18T18:50:36.7598967Z [WARNING] [io.quarkus.config] Unrecognized configuration key "quarkus.oidc.authentication.force-redirect-https" was provided; it will be ignored; verify that the dependency extension for this configuration is set or that you did not make a typo
Build & Publish Native Image	Build Native Executable	2025-12-18T18:50:37.9858064Z [WARNING] [io.quarkus.qute.deployment.MessageBundleProcessor] Unused parameter found [day] in the message template of: com.scanales.eventflow.config.AppMessages#agenda_day()
Build & Publish Native Image	Build Native Executable	2025-12-18T18:50:37.9865457Z [WARNING] [io.quarkus.qute.deployment.MessageBundleProcessor] Unused parameter found [speakers] in the message template of: com.scanales.eventflow.config.AppMessages#agenda_days_speakers()
Build & Publish Native Image	Build Native Executable	2025-12-18T18:50:37.9873130Z [WARNING] [io.quarkus.qute.deployment.MessageBundleProcessor] Unused parameter found [days] in the message template of: com.scanales.eventflow.config.AppMessages#agenda_days_speakers()
Build & Publish Native Image	Build Native Executable	2025-12-18T18:50:37.9879747Z [WARNING] [io.quarkus.qute.deployment.MessageBundleProcessor] Unused parameter found [attended] in the message template of: com.scanales.eventflow.config.AppMessages#agenda_intro()
Build & Publish Native Image	Build Native Executable	2025-12-18T18:50:37.9885608Z [WARNING] [io.quarkus.qute.deployment.MessageBundleProcessor] Unused parameter found [rated] in the message template of: com.scanales.eventflow.config.AppMessages#agenda_intro()
Build & Publish Native Image	Build Native Executable	2025-12-18T18:50:37.9941638Z [WARNING] [io.quarkus.qute.deployment.MessageBundleProcessor] Unused parameter found [added] in the message template of: com.scanales.eventflow.config.AppMessages#agenda_intro()
Build & Publish Native Image	Build Native Executable	2025-12-18T18:50:37.9943883Z [WARNING] [io.quarkus.qute.deployment.MessageBundleProcessor] Unused parameter found [count] in the message template of: com.scanales.eventflow.config.AppMessages#community_initiatives()
Build & Publish Native Image	Build Native Executable	2025-12-18T18:50:37.9946584Z [WARNING] [io.quarkus.qute.deployment.MessageBundleProcessor] Unused parameter found [error] in the message template of: com.scanales.eventflow.config.AppMessages#msg_github_error()
Build & Publish Native Image	Build Native Executable	2025-12-18T18:50:37.9948739Z [WARNING] [io.quarkus.qute.deployment.MessageBundleProcessor] Unused parameter found [current] in the message template of: com.scanales.eventflow.config.AppMessages#resume_exp()
Build & Publish Native Image	Build Native Executable	2025-12-18T18:50:37.9950853Z [WARNING] [io.quarkus.qute.deployment.MessageBundleProcessor] Unused parameter found [total] in the message template of: com.scanales.eventflow.config.AppMessages#resume_exp()
Build & Publish Native Image	Build Native Executable	2025-12-18T18:50:37.9953027Z [WARNING] [io.quarkus.qute.deployment.MessageBundleProcessor] Unused parameter found [level] in the message template of: com.scanales.eventflow.config.AppMessages#resume_level()
Build & Publish Native Image	Build Native Executable	2025-12-18T18:50:38.3398576Z [INFO] ------------------------------------------------------------------------
Build & Publish Native Image	Build Native Executable	2025-12-18T18:50:38.3404643Z [INFO] BUILD FAILURE
Build & Publish Native Image	Build Native Executable	2025-12-18T18:50:38.3407486Z [INFO] ------------------------------------------------------------------------
Build & Publish Native Image	Build Native Executable	2025-12-18T18:50:38.3413222Z [INFO] Total time:  11.073 s
Build & Publish Native Image	Build Native Executable	2025-12-18T18:50:38.3416443Z [INFO] Finished at: 2025-12-18T18:50:38Z
Build & Publish Native Image	Build Native Executable	2025-12-18T18:50:38.3420118Z [INFO] ------------------------------------------------------------------------
Build & Publish Native Image	Build Native Executable	2025-12-18T18:50:38.3429826Z [ERROR] Failed to execute goal io.quarkus.platform:quarkus-maven-plugin:3.26.4:build (default) on project homedir: Failed to build quarkus application: io.quarkus.builder.BuildException: Build failure: Build failed due to errors
Build & Publish Native Image	Build Native Executable	2025-12-18T18:50:38.3442822Z [ERROR] 	[error]: Build step io.quarkus.qute.deployment.QuteProcessor#processTemplateErrors threw an exception: io.quarkus.qute.TemplateException: Found incorrect expressions (1):
Build & Publish Native Image	Build Native Executable	2025-12-18T18:50:38.3445276Z [ERROR] 	[1] ProfileResource/profile.html:198:46 - {i18n.agenda_intro(totalTalks,attendedTalks,ratedTalks)}: Property/method [agenda_intro(totalTalks,attendedTalks,ratedTalks)] not found on class [com.scanales.eventflow.config.AppMessages] nor handled by an extension method
Build & Publish Native Image	Build Native Executable	2025-12-18T18:50:38.3447119Z [ERROR] 
Build & Publish Native Image	Build Native Executable	2025-12-18T18:50:38.3468614Z [ERROR] 	at io.quarkus.qute.deployment.QuteProcessor.processTemplateErrors(QuteProcessor.java:274)
Build & Publish Native Image	Build Native Executable	2025-12-18T18:50:38.3469807Z [ERROR] 	at java.base/java.lang.invoke.MethodHandle.invokeWithArguments(MethodHandle.java:733)
Build & Publish Native Image	Build Native Executable	2025-12-18T18:50:38.3470832Z [ERROR] 	at io.quarkus.deployment.ExtensionLoader$3.execute(ExtensionLoader.java:874)
Build & Publish Native Image	Build Native Executable	2025-12-18T18:50:38.3471698Z [ERROR] 	at io.quarkus.builder.BuildContext.run(BuildContext.java:255)
Build & Publish Native Image	Build Native Executable	2025-12-18T18:50:38.3472509Z [ERROR] 	at org.jboss.threads.ContextHandler$1.runWith(ContextHandler.java:18)
Build & Publish Native Image	Build Native Executable	2025-12-18T18:50:38.3473531Z [ERROR] 	at org.jboss.threads.EnhancedQueueExecutor$Task.doRunWith(EnhancedQueueExecutor.java:2651)
Build & Publish Native Image	Build Native Executable	2025-12-18T18:50:38.3475092Z [ERROR] 	at org.jboss.threads.EnhancedQueueExecutor$Task.run(EnhancedQueueExecutor.java:2630)
Build & Publish Native Image	Build Native Executable	2025-12-18T18:50:38.3476403Z [ERROR] 	at org.jboss.threads.EnhancedQueueExecutor.runThreadBody(EnhancedQueueExecutor.java:1622)
Build & Publish Native Image	Build Native Executable	2025-12-18T18:50:38.3477567Z [ERROR] 	at org.jboss.threads.EnhancedQueueExecutor$ThreadBody.run(EnhancedQueueExecutor.java:1589)
Build & Publish Native Image	Build Native Executable	2025-12-18T18:50:38.3478516Z [ERROR] 	at java.base/java.lang.Thread.run(Thread.java:1583)
Build & Publish Native Image	Build Native Executable	2025-12-18T18:50:38.3479231Z [ERROR] 	at org.jboss.threads.JBossThread.run(JBossThread.java:501)
Build & Publish Native Image	Build Native Executable	2025-12-18T18:50:38.3481511Z [ERROR] 	Suppressed: io.quarkus.qute.TemplateException: ProfileResource/profile.html:198:46 - {i18n.agenda_intro(totalTalks,attendedTalks,ratedTalks)}: Property/method [agenda_intro(totalTalks,attendedTalks,ratedTalks)] not found on class [com.scanales.eventflow.config.AppMessages] nor handled by an extension method
Build & Publish Native Image	Build Native Executable	2025-12-18T18:50:38.3483967Z [ERROR] 		at io.quarkus.qute.TemplateException$Builder.build(TemplateException.java:173)
Build & Publish Native Image	Build Native Executable	2025-12-18T18:50:38.3485132Z [ERROR] 		at io.quarkus.qute.deployment.QuteProcessor.processTemplateErrors(QuteProcessor.java:251)
Build & Publish Native Image	Build Native Executable	2025-12-18T18:50:38.3485983Z [ERROR] 		... 10 more
Build & Publish Native Image	Build Native Executable	2025-12-18T18:50:38.3486563Z [ERROR] -> [Help 1]
Build & Publish Native Image	Build Native Executable	2025-12-18T18:50:38.3487194Z [ERROR] 
Build & Publish Native Image	Build Native Executable	2025-12-18T18:50:38.3487712Z [ERROR] To see the full stack trace of the errors, re-run Maven with the -e switch.
Build & Publish Native Image	Build Native Executable	2025-12-18T18:50:38.3488545Z [ERROR] Re-run Maven using the -X switch to enable full debug logging.
Build & Publish Native Image	Build Native Executable	2025-12-18T18:50:38.3489151Z [ERROR] 
Build & Publish Native Image	Build Native Executable	2025-12-18T18:50:38.3489787Z [ERROR] For more information about the errors and possible solutions, please read the following articles:
Build & Publish Native Image	Build Native Executable	2025-12-18T18:50:38.3490813Z [ERROR] [Help 1] http://cwiki.apache.org/confluence/display/MAVEN/MojoExecutionException
Build & Publish Native Image	Build Native Executable	2025-12-18T18:50:38.3915021Z ##[error]Process completed with exit code 1.
