[INFO] Scanning for projects...
[INFO] 
[INFO] ------------------------< com.scanales:homedir >------------------------
[INFO] Building homedir 3.5.0
[INFO]   from pom.xml
[INFO] --------------------------------[ jar ]---------------------------------
[INFO] 
[INFO] --- clean:3.2.0:clean (default-clean) @ homedir ---
[INFO] Deleting C:\Users\sergi\git\homedir\quarkus-app\target
[INFO] 
[INFO] --- enforcer:3.6.1:enforce (enforce) @ homedir ---
[INFO] Rule 0: org.apache.maven.enforcer.rules.version.RequireJavaVersion passed
[INFO] Rule 1: org.apache.maven.enforcer.rules.BanDuplicatePomDependencyVersions passed
[INFO] Rule 2: org.apache.maven.enforcer.rules.dependency.RequireUpperBoundDeps passed
[INFO] Rule 3: org.apache.maven.enforcer.rules.dependency.DependencyConvergence passed
[INFO] 
[INFO] --- git-commit-id:9.0.1:revision (get-the-git-infos) @ homedir ---
[INFO] 
[INFO] --- resources:3.3.1:resources (default-resources) @ homedir ---
[INFO] Copying 110 resources from src\main\resources to target\classes
[INFO] 
[INFO] --- compiler:3.14.0:compile (default-compile) @ homedir ---
[INFO] Recompiling the module because of changed source code.
[INFO] Compiling 127 source files with javac [debug parameters target 21] to target\classes
[INFO] 
[INFO] --- resources:3.3.1:testResources (default-testResources) @ homedir ---
[INFO] Copying 2 resources from src\test\resources to target\test-classes
[INFO] 
[INFO] --- compiler:3.14.0:testCompile (default-testCompile) @ homedir ---
[INFO] Recompiling the module because of changed dependency.
[INFO] Compiling 50 source files with javac [debug parameters target 21] to target\test-classes
[INFO] 
[INFO] --- surefire:3.5.3:test (default-test) @ homedir ---
[INFO] Using auto detected provider org.apache.maven.surefire.junitplatform.JUnitPlatformProvider
[INFO] 
[INFO] -------------------------------------------------------
[INFO]  T E S T S
[INFO] -------------------------------------------------------
2025-12-16 22:00:01,817 INFO  [io.qua.sma.jwt.dep.SmallryeJwtDevModeProcessor] (build-76) The smallrye-jwt extension has configured an in-memory key pair, which is not enabled in production. Please ensure the correct keys/locations are set in production to avoid potential issues.
java.lang.RuntimeException: io.quarkus.builder.BuildException: Build failure: Build failed due to errors
	[error]: Build step io.quarkus.qute.deployment.QuteProcessor#processTemplateErrors threw an exception: io.quarkus.qute.TemplateException: Found incorrect expressions (8):
	[1] ProfileResource/profile.html:124:90 - {questProfile.level.>=(1).?('1').:('0.5')}: Property/method [>=(1)] not found on class [int] nor handled by an extension method
	[2] ProfileResource/profile.html:124:149 - {questProfile.level.>=(1).?('#ffd700').:('transparent')}: Property/method [>=(1)] not found on class [int] nor handled by an extension method
	[3] ProfileResource/profile.html:130:90 - {questProfile.level.>=(3).?('1').:('0.5')}: Property/method [>=(3)] not found on class [int] nor handled by an extension method
	[4] ProfileResource/profile.html:130:149 - {questProfile.level.>=(3).?('#ffd700').:('transparent')}: Property/method [>=(3)] not found on class [int] nor handled by an extension method
	[5] ProfileResource/profile.html:136:90 - {questProfile.level.>=(5).?('1').:('0.5')}: Property/method [>=(5)] not found on class [int] nor handled by an extension method
	[6] ProfileResource/profile.html:136:149 - {questProfile.level.>=(5).?('#ffd700').:('transparent')}: Property/method [>=(5)] not found on class [int] nor handled by an extension method
	[7] ProfileResource/profile.html:142:90 - {questProfile.level.>=(10).?('1').:('0.5')}: Property/method [>=(10)] not found on class [int] nor handled by an extension method
	[8] ProfileResource/profile.html:142:150 - {questProfile.level.>=(10).?('#ffd700').:('transparent')}: Property/method [>=(10)] not found on class [int] nor handled by an extension method

	at io.quarkus.qute.deployment.QuteProcessor.processTemplateErrors(QuteProcessor.java:274)
	at java.base/java.lang.invoke.MethodHandle.invokeWithArguments(MethodHandle.java:733)
	at io.quarkus.deployment.ExtensionLoader$3.execute(ExtensionLoader.java:874)
	at io.quarkus.builder.BuildContext.run(BuildContext.java:255)
	at org.jboss.threads.ContextHandler$1.runWith(ContextHandler.java:18)
	at org.jboss.threads.EnhancedQueueExecutor$Task.doRunWith(EnhancedQueueExecutor.java:2651)
	at org.jboss.threads.EnhancedQueueExecutor$Task.run(EnhancedQueueExecutor.java:2630)
	at org.jboss.threads.EnhancedQueueExecutor.runThreadBody(EnhancedQueueExecutor.java:1622)
	at org.jboss.threads.EnhancedQueueExecutor$ThreadBody.run(EnhancedQueueExecutor.java:1589)
	at java.base/java.lang.Thread.run(Thread.java:1583)
	at org.jboss.threads.JBossThread.run(JBossThread.java:501)
	Suppressed: io.quarkus.qute.TemplateException: ProfileResource/profile.html:124:90 - {questProfile.level.>=(1).?('1').:('0.5')}: Property/method [>=(1)] not found on class [int] nor handled by an extension method
		at io.quarkus.qute.TemplateException$Builder.build(TemplateException.java:173)
		at io.quarkus.qute.deployment.QuteProcessor.processTemplateErrors(QuteProcessor.java:251)
		... 10 more
	Suppressed: io.quarkus.qute.TemplateException: ProfileResource/profile.html:124:149 - {questProfile.level.>=(1).?('#ffd700').:('transparent')}: Property/method [>=(1)] not found on class [int] nor handled by an extension method
		at io.quarkus.qute.TemplateException$Builder.build(TemplateException.java:173)
		at io.quarkus.qute.deployment.QuteProcessor.processTemplateErrors(QuteProcessor.java:251)
		... 10 more
	Suppressed: io.quarkus.qute.TemplateException: ProfileResource/profile.html:130:90 - {questProfile.level.>=(3).?('1').:('0.5')}: Property/method [>=(3)] not found on class [int] nor handled by an extension method
		at io.quarkus.qute.TemplateException$Builder.build(TemplateException.java:173)
		at io.quarkus.qute.deployment.QuteProcessor.processTemplateErrors(QuteProcessor.java:251)
		... 10 more
	Suppressed: io.quarkus.qute.TemplateException: ProfileResource/profile.html:130:149 - {questProfile.level.>=(3).?('#ffd700').:('transparent')}: Property/method [>=(3)] not found on class [int] nor handled by an extension method
		at io.quarkus.qute.TemplateException$Builder.build(TemplateException.java:173)
		at io.quarkus.qute.deployment.QuteProcessor.processTemplateErrors(QuteProcessor.java:251)
		... 10 more
	Suppressed: io.quarkus.qute.TemplateException: ProfileResource/profile.html:136:90 - {questProfile.level.>=(5).?('1').:('0.5')}: Property/method [>=(5)] not found on class [int] nor handled by an extension method
		at io.quarkus.qute.TemplateException$Builder.build(TemplateException.java:173)
		at io.quarkus.qute.deployment.QuteProcessor.processTemplateErrors(QuteProcessor.java:251)
		... 10 more
	Suppressed: io.quarkus.qute.TemplateException: ProfileResource/profile.html:136:149 - {questProfile.level.>=(5).?('#ffd700').:('transparent')}: Property/method [>=(5)] not found on class [int] nor handled by an extension method
		at io.quarkus.qute.TemplateException$Builder.build(TemplateException.java:173)
		at io.quarkus.qute.deployment.QuteProcessor.processTemplateErrors(QuteProcessor.java:251)
		... 10 more
	Suppressed: io.quarkus.qute.TemplateException: ProfileResource/profile.html:142:90 - {questProfile.level.>=(10).?('1').:('0.5')}: Property/method [>=(10)] not found on class [int] nor handled by an extension method
		at io.quarkus.qute.TemplateException$Builder.build(TemplateException.java:173)
		at io.quarkus.qute.deployment.QuteProcessor.processTemplateErrors(QuteProcessor.java:251)
		... 10 more
	Suppressed: io.quarkus.qute.TemplateException: ProfileResource/profile.html:142:150 - {questProfile.level.>=(10).?('#ffd700').:('transparent')}: Property/method [>=(10)] not found on class [int] nor handled by an extension method
		at io.quarkus.qute.TemplateException$Builder.build(TemplateException.java:173)
		at io.quarkus.qute.deployment.QuteProcessor.processTemplateErrors(QuteProcessor.java:251)
		... 10 more

	at io.quarkus.runner.bootstrap.AugmentActionImpl.runAugment(AugmentActionImpl.java:376)
	at io.quarkus.runner.bootstrap.AugmentActionImpl.createInitialRuntimeApplication(AugmentActionImpl.java:293)
	at io.quarkus.runner.bootstrap.AugmentActionImpl.createInitialRuntimeApplication(AugmentActionImpl.java:61)
	at io.quarkus.test.junit.AppMakerHelper.getStartupAction(AppMakerHelper.java:253)
	at io.quarkus.test.junit.classloading.FacadeClassLoader.getOrCreateRuntimeClassLoader(FacadeClassLoader.java:544)
	at io.quarkus.test.junit.classloading.FacadeClassLoader.getQuarkusClassLoader(FacadeClassLoader.java:441)
	at io.quarkus.test.junit.classloading.FacadeClassLoader.loadClass(FacadeClassLoader.java:330)
	at java.base/java.lang.Class.forName0(Native Method)
	at java.base/java.lang.Class.forName(Class.java:534)
	at java.base/java.lang.Class.forName(Class.java:513)
	at org.junit.platform.commons.util.ReflectionUtils.lambda$tryToLoadClass$10(ReflectionUtils.java:886)
	at org.junit.platform.commons.function.Try.lambda$call$0(Try.java:57)
	at org.junit.platform.commons.function.Try.of(Try.java:93)
	at org.junit.platform.commons.function.Try.call(Try.java:57)
	at org.junit.platform.commons.util.ReflectionUtils.tryToLoadClass(ReflectionUtils.java:873)
	at org.junit.platform.commons.util.ReflectionUtils.tryToLoadClass(ReflectionUtils.java:810)
	at org.junit.platform.commons.support.ReflectionSupport.tryToLoadClass(ReflectionSupport.java:94)
	at org.junit.platform.engine.discovery.ClassSelector.getJavaClass(ClassSelector.java:95)
	at org.junit.jupiter.engine.discovery.ClassSelectorResolver.resolve(ClassSelectorResolver.java:87)
	at org.junit.platform.engine.support.discovery.EngineDiscoveryRequestResolution.lambda$resolve$2(EngineDiscoveryRequestResolution.java:135)
	at java.base/java.util.stream.ReferencePipeline$3$1.accept(ReferencePipeline.java:197)
	at java.base/java.util.ArrayList$ArrayListSpliterator.tryAdvance(ArrayList.java:1685)
	at java.base/java.util.stream.ReferencePipeline.forEachWithCancel(ReferencePipeline.java:129)
	at java.base/java.util.stream.AbstractPipeline.copyIntoWithCancel(AbstractPipeline.java:527)
	at java.base/java.util.stream.AbstractPipeline.copyInto(AbstractPipeline.java:513)
	at java.base/java.util.stream.AbstractPipeline.wrapAndCopyInto(AbstractPipeline.java:499)
	at java.base/java.util.stream.FindOps$FindOp.evaluateSequential(FindOps.java:150)
	at java.base/java.util.stream.AbstractPipeline.evaluate(AbstractPipeline.java:234)
	at java.base/java.util.stream.ReferencePipeline.findFirst(ReferencePipeline.java:647)
	at org.junit.platform.engine.support.discovery.EngineDiscoveryRequestResolution.resolve(EngineDiscoveryRequestResolution.java:189)
	at org.junit.platform.engine.support.discovery.EngineDiscoveryRequestResolution.resolve(EngineDiscoveryRequestResolution.java:126)
	at org.junit.platform.engine.support.discovery.EngineDiscoveryRequestResolution.resolveCompletely(EngineDiscoveryRequestResolution.java:92)
	at org.junit.platform.engine.support.discovery.EngineDiscoveryRequestResolution.run(EngineDiscoveryRequestResolution.java:83)
	at org.junit.platform.engine.support.discovery.EngineDiscoveryRequestResolver.resolve(EngineDiscoveryRequestResolver.java:148)
	at org.junit.jupiter.engine.discovery.DiscoverySelectorResolver.resolveSelectors(DiscoverySelectorResolver.java:63)
	at org.junit.jupiter.engine.JupiterTestEngine.discover(JupiterTestEngine.java:70)
	at org.junit.platform.launcher.core.EngineDiscoveryOrchestrator.discoverEngineRoot(EngineDiscoveryOrchestrator.java:195)
	at org.junit.platform.launcher.core.EngineDiscoveryOrchestrator.discoverSafely(EngineDiscoveryOrchestrator.java:174)
	at org.junit.platform.launcher.core.EngineDiscoveryOrchestrator.discover(EngineDiscoveryOrchestrator.java:119)
	at org.junit.platform.launcher.core.EngineDiscoveryOrchestrator.discover(EngineDiscoveryOrchestrator.java:84)
	at org.junit.platform.launcher.core.DefaultLauncher.discover(DefaultLauncher.java:104)
	at org.junit.platform.launcher.core.DefaultLauncher.discover(DefaultLauncher.java:83)
	at org.junit.platform.launcher.core.DelegatingLauncher.discover(DelegatingLauncher.java:42)
	at org.junit.platform.launcher.core.InterceptingLauncher.lambda$discover$0(InterceptingLauncher.java:33)
	at org.junit.platform.launcher.core.ClasspathAlignmentCheckingLauncherInterceptor.intercept(ClasspathAlignmentCheckingLauncherInterceptor.java:25)
	at org.junit.platform.launcher.core.InterceptingLauncher.discover(InterceptingLauncher.java:33)
	at org.junit.platform.launcher.core.DelegatingLauncher.discover(DelegatingLauncher.java:42)
	at org.apache.maven.surefire.junitplatform.LazyLauncher.discover(LazyLauncher.java:50)
	at org.apache.maven.surefire.junitplatform.TestPlanScannerFilter.accept(TestPlanScannerFilter.java:52)
	at org.apache.maven.surefire.api.util.DefaultScanResult.applyFilter(DefaultScanResult.java:87)
	at org.apache.maven.surefire.junitplatform.JUnitPlatformProvider.scanClasspath(JUnitPlatformProvider.java:144)
	at org.apache.maven.surefire.junitplatform.JUnitPlatformProvider.invoke(JUnitPlatformProvider.java:124)
	at org.apache.maven.surefire.booter.ForkedBooter.runSuitesInProcess(ForkedBooter.java:385)
	at org.apache.maven.surefire.booter.ForkedBooter.execute(ForkedBooter.java:162)
	at org.apache.maven.surefire.booter.ForkedBooter.run(ForkedBooter.java:507)
	at org.apache.maven.surefire.booter.ForkedBooter.main(ForkedBooter.java:495)
Caused by: io.quarkus.builder.BuildException: Build failure: Build failed due to errors
	[error]: Build step io.quarkus.qute.deployment.QuteProcessor#processTemplateErrors threw an exception: io.quarkus.qute.TemplateException: Found incorrect expressions (8):
	[1] ProfileResource/profile.html:124:90 - {questProfile.level.>=(1).?('1').:('0.5')}: Property/method [>=(1)] not found on class [int] nor handled by an extension method
	[2] ProfileResource/profile.html:124:149 - {questProfile.level.>=(1).?('#ffd700').:('transparent')}: Property/method [>=(1)] not found on class [int] nor handled by an extension method
	[3] ProfileResource/profile.html:130:90 - {questProfile.level.>=(3).?('1').:('0.5')}: Property/method [>=(3)] not found on class [int] nor handled by an extension method
	[4] ProfileResource/profile.html:130:149 - {questProfile.level.>=(3).?('#ffd700').:('transparent')}: Property/method [>=(3)] not found on class [int] nor handled by an extension method
	[5] ProfileResource/profile.html:136:90 - {questProfile.level.>=(5).?('1').:('0.5')}: Property/method [>=(5)] not found on class [int] nor handled by an extension method
	[6] ProfileResource/profile.html:136:149 - {questProfile.level.>=(5).?('#ffd700').:('transparent')}: Property/method [>=(5)] not found on class [int] nor handled by an extension method
	[7] ProfileResource/profile.html:142:90 - {questProfile.level.>=(10).?('1').:('0.5')}: Property/method [>=(10)] not found on class [int] nor handled by an extension method
	[8] ProfileResource/profile.html:142:150 - {questProfile.level.>=(10).?('#ffd700').:('transparent')}: Property/method [>=(10)] not found on class [int] nor handled by an extension method

	at io.quarkus.qute.deployment.QuteProcessor.processTemplateErrors(QuteProcessor.java:274)
	at java.base/java.lang.invoke.MethodHandle.invokeWithArguments(MethodHandle.java:733)
	at io.quarkus.deployment.ExtensionLoader$3.execute(ExtensionLoader.java:874)
	at io.quarkus.builder.BuildContext.run(BuildContext.java:255)
	at org.jboss.threads.ContextHandler$1.runWith(ContextHandler.java:18)
	at org.jboss.threads.EnhancedQueueExecutor$Task.doRunWith(EnhancedQueueExecutor.java:2651)
	at org.jboss.threads.EnhancedQueueExecutor$Task.run(EnhancedQueueExecutor.java:2630)
	at org.jboss.threads.EnhancedQueueExecutor.runThreadBody(EnhancedQueueExecutor.java:1622)
	at org.jboss.threads.EnhancedQueueExecutor$ThreadBody.run(EnhancedQueueExecutor.java:1589)
	at java.base/java.lang.Thread.run(Thread.java:1583)
	at org.jboss.threads.JBossThread.run(JBossThread.java:501)
	Suppressed: io.quarkus.qute.TemplateException: ProfileResource/profile.html:124:90 - {questProfile.level.>=(1).?('1').:('0.5')}: Property/method [>=(1)] not found on class [int] nor handled by an extension method
		at io.quarkus.qute.TemplateException$Builder.build(TemplateException.java:173)
		at io.quarkus.qute.deployment.QuteProcessor.processTemplateErrors(QuteProcessor.java:251)
		... 10 more
	Suppressed: io.quarkus.qute.TemplateException: ProfileResource/profile.html:124:149 - {questProfile.level.>=(1).?('#ffd700').:('transparent')}: Property/method [>=(1)] not found on class [int] nor handled by an extension method
		at io.quarkus.qute.TemplateException$Builder.build(TemplateException.java:173)
		at io.quarkus.qute.deployment.QuteProcessor.processTemplateErrors(QuteProcessor.java:251)
		... 10 more
	Suppressed: io.quarkus.qute.TemplateException: ProfileResource/profile.html:130:90 - {questProfile.level.>=(3).?('1').:('0.5')}: Property/method [>=(3)] not found on class [int] nor handled by an extension method
		at io.quarkus.qute.TemplateException$Builder.build(TemplateException.java:173)
		at io.quarkus.qute.deployment.QuteProcessor.processTemplateErrors(QuteProcessor.java:251)
		... 10 more
	Suppressed: io.quarkus.qute.TemplateException: ProfileResource/profile.html:130:149 - {questProfile.level.>=(3).?('#ffd700').:('transparent')}: Property/method [>=(3)] not found on class [int] nor handled by an extension method
		at io.quarkus.qute.TemplateException$Builder.build(TemplateException.java:173)
		at io.quarkus.qute.deployment.QuteProcessor.processTemplateErrors(QuteProcessor.java:251)
		... 10 more
	Suppressed: io.quarkus.qute.TemplateException: ProfileResource/profile.html:136:90 - {questProfile.level.>=(5).?('1').:('0.5')}: Property/method [>=(5)] not found on class [int] nor handled by an extension method
		at io.quarkus.qute.TemplateException$Builder.build(TemplateException.java:173)
		at io.quarkus.qute.deployment.QuteProcessor.processTemplateErrors(QuteProcessor.java:251)
		... 10 more
	Suppressed: io.quarkus.qute.TemplateException: ProfileResource/profile.html:136:149 - {questProfile.level.>=(5).?('#ffd700').:('transparent')}: Property/method [>=(5)] not found on class [int] nor handled by an extension method
		at io.quarkus.qute.TemplateException$Builder.build(TemplateException.java:173)
		at io.quarkus.qute.deployment.QuteProcessor.processTemplateErrors(QuteProcessor.java:251)
		... 10 more
	Suppressed: io.quarkus.qute.TemplateException: ProfileResource/profile.html:142:90 - {questProfile.level.>=(10).?('1').:('0.5')}: Property/method [>=(10)] not found on class [int] nor handled by an extension method
		at io.quarkus.qute.TemplateException$Builder.build(TemplateException.java:173)
		at io.quarkus.qute.deployment.QuteProcessor.processTemplateErrors(QuteProcessor.java:251)
		... 10 more
	Suppressed: io.quarkus.qute.TemplateException: ProfileResource/profile.html:142:150 - {questProfile.level.>=(10).?('#ffd700').:('transparent')}: Property/method [>=(10)] not found on class [int] nor handled by an extension method
		at io.quarkus.qute.TemplateException$Builder.build(TemplateException.java:173)
		at io.quarkus.qute.deployment.QuteProcessor.processTemplateErrors(QuteProcessor.java:251)
		... 10 more

	at io.quarkus.builder.Execution.run(Execution.java:122)
	at io.quarkus.builder.BuildExecutionBuilder.execute(BuildExecutionBuilder.java:78)
	at io.quarkus.deployment.QuarkusAugmentor.run(QuarkusAugmentor.java:160)
	at io.quarkus.runner.bootstrap.AugmentActionImpl.runAugment(AugmentActionImpl.java:372)
	... 55 more
Caused by: io.quarkus.qute.TemplateException: Found incorrect expressions (8):
	[1] ProfileResource/profile.html:124:90 - {questProfile.level.>=(1).?('1').:('0.5')}: Property/method [>=(1)] not found on class [int] nor handled by an extension method
	[2] ProfileResource/profile.html:124:149 - {questProfile.level.>=(1).?('#ffd700').:('transparent')}: Property/method [>=(1)] not found on class [int] nor handled by an extension method
	[3] ProfileResource/profile.html:130:90 - {questProfile.level.>=(3).?('1').:('0.5')}: Property/method [>=(3)] not found on class [int] nor handled by an extension method
	[4] ProfileResource/profile.html:130:149 - {questProfile.level.>=(3).?('#ffd700').:('transparent')}: Property/method [>=(3)] not found on class [int] nor handled by an extension method
	[5] ProfileResource/profile.html:136:90 - {questProfile.level.>=(5).?('1').:('0.5')}: Property/method [>=(5)] not found on class [int] nor handled by an extension method
	[6] ProfileResource/profile.html:136:149 - {questProfile.level.>=(5).?('#ffd700').:('transparent')}: Property/method [>=(5)] not found on class [int] nor handled by an extension method
	[7] ProfileResource/profile.html:142:90 - {questProfile.level.>=(10).?('1').:('0.5')}: Property/method [>=(10)] not found on class [int] nor handled by an extension method
	[8] ProfileResource/profile.html:142:150 - {questProfile.level.>=(10).?('#ffd700').:('transparent')}: Property/method [>=(10)] not found on class [int] nor handled by an extension method

	at io.quarkus.qute.deployment.QuteProcessor.processTemplateErrors(QuteProcessor.java:274)
	at java.base/java.lang.invoke.MethodHandle.invokeWithArguments(MethodHandle.java:733)
	at io.quarkus.deployment.ExtensionLoader$3.execute(ExtensionLoader.java:874)
	at io.quarkus.builder.BuildContext.run(BuildContext.java:255)
	at org.jboss.threads.ContextHandler$1.runWith(ContextHandler.java:18)
	at org.jboss.threads.EnhancedQueueExecutor$Task.doRunWith(EnhancedQueueExecutor.java:2651)
	at org.jboss.threads.EnhancedQueueExecutor$Task.run(EnhancedQueueExecutor.java:2630)
	at org.jboss.threads.EnhancedQueueExecutor.runThreadBody(EnhancedQueueExecutor.java:1622)
	at org.jboss.threads.EnhancedQueueExecutor$ThreadBody.run(EnhancedQueueExecutor.java:1589)
	at java.base/java.lang.Thread.run(Thread.java:1583)
	at org.jboss.threads.JBossThread.run(JBossThread.java:501)
	Suppressed: io.quarkus.qute.TemplateException: ProfileResource/profile.html:124:90 - {questProfile.level.>=(1).?('1').:('0.5')}: Property/method [>=(1)] not found on class [int] nor handled by an extension method
		at io.quarkus.qute.TemplateException$Builder.build(TemplateException.java:173)
		at io.quarkus.qute.deployment.QuteProcessor.processTemplateErrors(QuteProcessor.java:251)
		... 10 more
	Suppressed: io.quarkus.qute.TemplateException: ProfileResource/profile.html:124:149 - {questProfile.level.>=(1).?('#ffd700').:('transparent')}: Property/method [>=(1)] not found on class [int] nor handled by an extension method
		at io.quarkus.qute.TemplateException$Builder.build(TemplateException.java:173)
		at io.quarkus.qute.deployment.QuteProcessor.processTemplateErrors(QuteProcessor.java:251)
		... 10 more
	Suppressed: io.quarkus.qute.TemplateException: ProfileResource/profile.html:130:90 - {questProfile.level.>=(3).?('1').:('0.5')}: Property/method [>=(3)] not found on class [int] nor handled by an extension method
		at io.quarkus.qute.TemplateException$Builder.build(TemplateException.java:173)
		at io.quarkus.qute.deployment.QuteProcessor.processTemplateErrors(QuteProcessor.java:251)
		... 10 more
	Suppressed: io.quarkus.qute.TemplateException: ProfileResource/profile.html:130:149 - {questProfile.level.>=(3).?('#ffd700').:('transparent')}: Property/method [>=(3)] not found on class [int] nor handled by an extension method
		at io.quarkus.qute.TemplateException$Builder.build(TemplateException.java:173)
		at io.quarkus.qute.deployment.QuteProcessor.processTemplateErrors(QuteProcessor.java:251)
		... 10 more
	Suppressed: io.quarkus.qute.TemplateException: ProfileResource/profile.html:136:90 - {questProfile.level.>=(5).?('1').:('0.5')}: Property/method [>=(5)] not found on class [int] nor handled by an extension method
		at io.quarkus.qute.TemplateException$Builder.build(TemplateException.java:173)
		at io.quarkus.qute.deployment.QuteProcessor.processTemplateErrors(QuteProcessor.java:251)
		... 10 more
	Suppressed: io.quarkus.qute.TemplateException: ProfileResource/profile.html:136:149 - {questProfile.level.>=(5).?('#ffd700').:('transparent')}: Property/method [>=(5)] not found on class [int] nor handled by an extension method
		at io.quarkus.qute.TemplateException$Builder.build(TemplateException.java:173)
		at io.quarkus.qute.deployment.QuteProcessor.processTemplateErrors(QuteProcessor.java:251)
		... 10 more
	Suppressed: io.quarkus.qute.TemplateException: ProfileResource/profile.html:142:90 - {questProfile.level.>=(10).?('1').:('0.5')}: Property/method [>=(10)] not found on class [int] nor handled by an extension method
		at io.quarkus.qute.TemplateException$Builder.build(TemplateException.java:173)
		at io.quarkus.qute.deployment.QuteProcessor.processTemplateErrors(QuteProcessor.java:251)
		... 10 more
	Suppressed: io.quarkus.qute.TemplateException: ProfileResource/profile.html:142:150 - {questProfile.level.>=(10).?('#ffd700').:('transparent')}: Property/method [>=(10)] not found on class [int] nor handled by an extension method
		at io.quarkus.qute.TemplateException$Builder.build(TemplateException.java:173)
		at io.quarkus.qute.deployment.QuteProcessor.processTemplateErrors(QuteProcessor.java:251)
		... 10 more
java.lang.RuntimeException: io.quarkus.builder.BuildException: Build failure: Build failed due to errors
	[error]: Build step io.quarkus.qute.deployment.QuteProcessor#processTemplateErrors threw an exception: io.quarkus.qute.TemplateException: Found incorrect expressions (8):
	[1] ProfileResource/profile.html:124:90 - {questProfile.level.>=(1).?('1').:('0.5')}: Property/method [>=(1)] not found on class [int] nor handled by an extension method
	[2] ProfileResource/profile.html:124:149 - {questProfile.level.>=(1).?('#ffd700').:('transparent')}: Property/method [>=(1)] not found on class [int] nor handled by an extension method
	[3] ProfileResource/profile.html:130:90 - {questProfile.level.>=(3).?('1').:('0.5')}: Property/method [>=(3)] not found on class [int] nor handled by an extension method
	[4] ProfileResource/profile.html:130:149 - {questProfile.level.>=(3).?('#ffd700').:('transparent')}: Property/method [>=(3)] not found on class [int] nor handled by an extension method
	[5] ProfileResource/profile.html:136:90 - {questProfile.level.>=(5).?('1').:('0.5')}: Property/method [>=(5)] not found on class [int] nor handled by an extension method
	[6] ProfileResource/profile.html:136:149 - {questProfile.level.>=(5).?('#ffd700').:('transparent')}: Property/method [>=(5)] not found on class [int] nor handled by an extension method
	[7] ProfileResource/profile.html:142:90 - {questProfile.level.>=(10).?('1').:('0.5')}: Property/method [>=(10)] not found on class [int] nor handled by an extension method
	[8] ProfileResource/profile.html:142:150 - {questProfile.level.>=(10).?('#ffd700').:('transparent')}: Property/method [>=(10)] not found on class [int] nor handled by an extension method

	at io.quarkus.qute.deployment.QuteProcessor.processTemplateErrors(QuteProcessor.java:274)
	at java.base/java.lang.invoke.MethodHandle.invokeWithArguments(MethodHandle.java:733)
	at io.quarkus.deployment.ExtensionLoader$3.execute(ExtensionLoader.java:874)
	at io.quarkus.builder.BuildContext.run(BuildContext.java:255)
	at org.jboss.threads.ContextHandler$1.runWith(ContextHandler.java:18)
	at org.jboss.threads.EnhancedQueueExecutor$Task.doRunWith(EnhancedQueueExecutor.java:2651)
	at org.jboss.threads.EnhancedQueueExecutor$Task.run(EnhancedQueueExecutor.java:2630)
	at org.jboss.threads.EnhancedQueueExecutor.runThreadBody(EnhancedQueueExecutor.java:1622)
	at org.jboss.threads.EnhancedQueueExecutor$ThreadBody.run(EnhancedQueueExecutor.java:1589)
	at java.base/java.lang.Thread.run(Thread.java:1583)
	at org.jboss.threads.JBossThread.run(JBossThread.java:501)
	Suppressed: io.quarkus.qute.TemplateException: ProfileResource/profile.html:124:90 - {questProfile.level.>=(1).?('1').:('0.5')}: Property/method [>=(1)] not found on class [int] nor handled by an extension method
		at io.quarkus.qute.TemplateException$Builder.build(TemplateException.java:173)
		at io.quarkus.qute.deployment.QuteProcessor.processTemplateErrors(QuteProcessor.java:251)
		... 10 more
	Suppressed: io.quarkus.qute.TemplateException: ProfileResource/profile.html:124:149 - {questProfile.level.>=(1).?('#ffd700').:('transparent')}: Property/method [>=(1)] not found on class [int] nor handled by an extension method
		at io.quarkus.qute.TemplateException$Builder.build(TemplateException.java:173)
		at io.quarkus.qute.deployment.QuteProcessor.processTemplateErrors(QuteProcessor.java:251)
		... 10 more
	Suppressed: io.quarkus.qute.TemplateException: ProfileResource/profile.html:130:90 - {questProfile.level.>=(3).?('1').:('0.5')}: Property/method [>=(3)] not found on class [int] nor handled by an extension method
		at io.quarkus.qute.TemplateException$Builder.build(TemplateException.java:173)
		at io.quarkus.qute.deployment.QuteProcessor.processTemplateErrors(QuteProcessor.java:251)
		... 10 more
	Suppressed: io.quarkus.qute.TemplateException: ProfileResource/profile.html:130:149 - {questProfile.level.>=(3).?('#ffd700').:('transparent')}: Property/method [>=(3)] not found on class [int] nor handled by an extension method
		at io.quarkus.qute.TemplateException$Builder.build(TemplateException.java:173)
		at io.quarkus.qute.deployment.QuteProcessor.processTemplateErrors(QuteProcessor.java:251)
		... 10 more
	Suppressed: io.quarkus.qute.TemplateException: ProfileResource/profile.html:136:90 - {questProfile.level.>=(5).?('1').:('0.5')}: Property/method [>=(5)] not found on class [int] nor handled by an extension method
		at io.quarkus.qute.TemplateException$Builder.build(TemplateException.java:173)
		at io.quarkus.qute.deployment.QuteProcessor.processTemplateErrors(QuteProcessor.java:251)
		... 10 more
	Suppressed: io.quarkus.qute.TemplateException: ProfileResource/profile.html:136:149 - {questProfile.level.>=(5).?('#ffd700').:('transparent')}: Property/method [>=(5)] not found on class [int] nor handled by an extension method
		at io.quarkus.qute.TemplateException$Builder.build(TemplateException.java:173)
		at io.quarkus.qute.deployment.QuteProcessor.processTemplateErrors(QuteProcessor.java:251)
		... 10 more
	Suppressed: io.quarkus.qute.TemplateException: ProfileResource/profile.html:142:90 - {questProfile.level.>=(10).?('1').:('0.5')}: Property/method [>=(10)] not found on class [int] nor handled by an extension method
		at io.quarkus.qute.TemplateException$Builder.build(TemplateException.java:173)
		at io.quarkus.qute.deployment.QuteProcessor.processTemplateErrors(QuteProcessor.java:251)
		... 10 more
	Suppressed: io.quarkus.qute.TemplateException: ProfileResource/profile.html:142:150 - {questProfile.level.>=(10).?('#ffd700').:('transparent')}: Property/method [>=(10)] not found on class [int] nor handled by an extension method
		at io.quarkus.qute.TemplateException$Builder.build(TemplateException.java:173)
		at io.quarkus.qute.deployment.QuteProcessor.processTemplateErrors(QuteProcessor.java:251)
		... 10 more

	at io.quarkus.runner.bootstrap.AugmentActionImpl.runAugment(AugmentActionImpl.java:376)
	at io.quarkus.runner.bootstrap.AugmentActionImpl.createInitialRuntimeApplication(AugmentActionImpl.java:293)
	at io.quarkus.runner.bootstrap.AugmentActionImpl.createInitialRuntimeApplication(AugmentActionImpl.java:61)
	at io.quarkus.test.junit.AppMakerHelper.getStartupAction(AppMakerHelper.java:253)
	at io.quarkus.test.junit.classloading.FacadeClassLoader.getOrCreateRuntimeClassLoader(FacadeClassLoader.java:544)
	at io.quarkus.test.junit.classloading.FacadeClassLoader.getQuarkusClassLoader(FacadeClassLoader.java:441)
	at io.quarkus.test.junit.classloading.FacadeClassLoader.loadClass(FacadeClassLoader.java:330)
	at java.base/java.lang.Class.forName0(Native Method)
	at java.base/java.lang.Class.forName(Class.java:534)
	at java.base/java.lang.Class.forName(Class.java:513)
	at org.junit.platform.commons.util.ReflectionUtils.lambda$tryToLoadClass$10(ReflectionUtils.java:886)
	at org.junit.platform.commons.function.Try.lambda$call$0(Try.java:57)
	at org.junit.platform.commons.function.Try.of(Try.java:93)
	at org.junit.platform.commons.function.Try.call(Try.java:57)
	at org.junit.platform.commons.util.ReflectionUtils.tryToLoadClass(ReflectionUtils.java:873)
	at org.junit.platform.commons.util.ReflectionUtils.tryToLoadClass(ReflectionUtils.java:810)
	at org.junit.platform.commons.support.ReflectionSupport.tryToLoadClass(ReflectionSupport.java:94)
	at org.junit.platform.engine.discovery.ClassSelector.getJavaClass(ClassSelector.java:95)
	at org.junit.jupiter.engine.discovery.ClassSelectorResolver.resolve(ClassSelectorResolver.java:87)
	at org.junit.platform.engine.support.discovery.EngineDiscoveryRequestResolution.lambda$resolve$2(EngineDiscoveryRequestResolution.java:135)
	at java.base/java.util.stream.ReferencePipeline$3$1.accept(ReferencePipeline.java:197)
	at java.base/java.util.ArrayList$ArrayListSpliterator.tryAdvance(ArrayList.java:1685)
	at java.base/java.util.stream.ReferencePipeline.forEachWithCancel(ReferencePipeline.java:129)
	at java.base/java.util.stream.AbstractPipeline.copyIntoWithCancel(AbstractPipeline.java:527)
	at java.base/java.util.stream.AbstractPipeline.copyInto(AbstractPipeline.java:513)
	at java.base/java.util.stream.AbstractPipeline.wrapAndCopyInto(AbstractPipeline.java:499)
	at java.base/java.util.stream.FindOps$FindOp.evaluateSequential(FindOps.java:150)
	at java.base/java.util.stream.AbstractPipeline.evaluate(AbstractPipeline.java:234)
	at java.base/java.util.stream.ReferencePipeline.findFirst(ReferencePipeline.java:647)
	at org.junit.platform.engine.support.discovery.EngineDiscoveryRequestResolution.resolve(EngineDiscoveryRequestResolution.java:189)
	at org.junit.platform.engine.support.discovery.EngineDiscoveryRequestResolution.resolve(EngineDiscoveryRequestResolution.java:126)
	at org.junit.platform.engine.support.discovery.EngineDiscoveryRequestResolution.resolveCompletely(EngineDiscoveryRequestResolution.java:92)
	at org.junit.platform.engine.support.discovery.EngineDiscoveryRequestResolution.run(EngineDiscoveryRequestResolution.java:83)
	at org.junit.platform.engine.support.discovery.EngineDiscoveryRequestResolver.resolve(EngineDiscoveryRequestResolver.java:148)
	at org.junit.jupiter.engine.discovery.DiscoverySelectorResolver.resolveSelectors(DiscoverySelectorResolver.java:63)
	at org.junit.jupiter.engine.JupiterTestEngine.discover(JupiterTestEngine.java:70)
	at org.junit.platform.launcher.core.EngineDiscoveryOrchestrator.discoverEngineRoot(EngineDiscoveryOrchestrator.java:195)
	at org.junit.platform.launcher.core.EngineDiscoveryOrchestrator.discoverSafely(EngineDiscoveryOrchestrator.java:174)
	at org.junit.platform.launcher.core.EngineDiscoveryOrchestrator.discover(EngineDiscoveryOrchestrator.java:119)
	at org.junit.platform.launcher.core.EngineDiscoveryOrchestrator.discover(EngineDiscoveryOrchestrator.java:84)
	at org.junit.platform.launcher.core.DefaultLauncher.discover(DefaultLauncher.java:104)
	at org.junit.platform.launcher.core.DefaultLauncher.discover(DefaultLauncher.java:83)
	at org.junit.platform.launcher.core.DelegatingLauncher.discover(DelegatingLauncher.java:42)
	at org.junit.platform.launcher.core.InterceptingLauncher.lambda$discover$0(InterceptingLauncher.java:33)
	at org.junit.platform.launcher.core.ClasspathAlignmentCheckingLauncherInterceptor.intercept(ClasspathAlignmentCheckingLauncherInterceptor.java:25)
	at org.junit.platform.launcher.core.InterceptingLauncher.discover(InterceptingLauncher.java:33)
	at org.junit.platform.launcher.core.DelegatingLauncher.discover(DelegatingLauncher.java:42)
	at org.apache.maven.surefire.junitplatform.LazyLauncher.discover(LazyLauncher.java:50)
	at org.apache.maven.surefire.junitplatform.TestPlanScannerFilter.accept(TestPlanScannerFilter.java:52)
	at org.apache.maven.surefire.api.util.DefaultScanResult.applyFilter(DefaultScanResult.java:87)
	at org.apache.maven.surefire.junitplatform.JUnitPlatformProvider.scanClasspath(JUnitPlatformProvider.java:144)
	at org.apache.maven.surefire.junitplatform.JUnitPlatformProvider.invoke(JUnitPlatformProvider.java:124)
	at org.apache.maven.surefire.booter.ForkedBooter.runSuitesInProcess(ForkedBooter.java:385)
	at org.apache.maven.surefire.booter.ForkedBooter.execute(ForkedBooter.java:162)
	at org.apache.maven.surefire.booter.ForkedBooter.run(ForkedBooter.java:507)
	at org.apache.maven.surefire.booter.ForkedBooter.main(ForkedBooter.java:495)
Caused by: io.quarkus.builder.BuildException: Build failure: Build failed due to errors
	[error]: Build step io.quarkus.qute.deployment.QuteProcessor#processTemplateErrors threw an exception: io.quarkus.qute.TemplateException: Found incorrect expressions (8):
	[1] ProfileResource/profile.html:124:90 - {questProfile.level.>=(1).?('1').:('0.5')}: Property/method [>=(1)] not found on class [int] nor handled by an extension method
	[2] ProfileResource/profile.html:124:149 - {questProfile.level.>=(1).?('#ffd700').:('transparent')}: Property/method [>=(1)] not found on class [int] nor handled by an extension method
	[3] ProfileResource/profile.html:130:90 - {questProfile.level.>=(3).?('1').:('0.5')}: Property/method [>=(3)] not found on class [int] nor handled by an extension method
	[4] ProfileResource/profile.html:130:149 - {questProfile.level.>=(3).?('#ffd700').:('transparent')}: Property/method [>=(3)] not found on class [int] nor handled by an extension method
	[5] ProfileResource/profile.html:136:90 - {questProfile.level.>=(5).?('1').:('0.5')}: Property/method [>=(5)] not found on class [int] nor handled by an extension method
	[6] ProfileResource/profile.html:136:149 - {questProfile.level.>=(5).?('#ffd700').:('transparent')}: Property/method [>=(5)] not found on class [int] nor handled by an extension method
	[7] ProfileResource/profile.html:142:90 - {questProfile.level.>=(10).?('1').:('0.5')}: Property/method [>=(10)] not found on class [int] nor handled by an extension method
	[8] ProfileResource/profile.html:142:150 - {questProfile.level.>=(10).?('#ffd700').:('transparent')}: Property/method [>=(10)] not found on class [int] nor handled by an extension method

	at io.quarkus.qute.deployment.QuteProcessor.processTemplateErrors(QuteProcessor.java:274)
	at java.base/java.lang.invoke.MethodHandle.invokeWithArguments(MethodHandle.java:733)
	at io.quarkus.deployment.ExtensionLoader$3.execute(ExtensionLoader.java:874)
	at io.quarkus.builder.BuildContext.run(BuildContext.java:255)
	at org.jboss.threads.ContextHandler$1.runWith(ContextHandler.java:18)
	at org.jboss.threads.EnhancedQueueExecutor$Task.doRunWith(EnhancedQueueExecutor.java:2651)
	at org.jboss.threads.EnhancedQueueExecutor$Task.run(EnhancedQueueExecutor.java:2630)
	at org.jboss.threads.EnhancedQueueExecutor.runThreadBody(EnhancedQueueExecutor.java:1622)
	at org.jboss.threads.EnhancedQueueExecutor$ThreadBody.run(EnhancedQueueExecutor.java:1589)
	at java.base/java.lang.Thread.run(Thread.java:1583)
	at org.jboss.threads.JBossThread.run(JBossThread.java:501)
	Suppressed: io.quarkus.qute.TemplateException: ProfileResource/profile.html:124:90 - {questProfile.level.>=(1).?('1').:('0.5')}: Property/method [>=(1)] not found on class [int] nor handled by an extension method
		at io.quarkus.qute.TemplateException$Builder.build(TemplateException.java:173)
		at io.quarkus.qute.deployment.QuteProcessor.processTemplateErrors(QuteProcessor.java:251)
		... 10 more
	Suppressed: io.quarkus.qute.TemplateException: ProfileResource/profile.html:124:149 - {questProfile.level.>=(1).?('#ffd700').:('transparent')}: Property/method [>=(1)] not found on class [int] nor handled by an extension method
		at io.quarkus.qute.TemplateException$Builder.build(TemplateException.java:173)
		at io.quarkus.qute.deployment.QuteProcessor.processTemplateErrors(QuteProcessor.java:251)
		... 10 more
	Suppressed: io.quarkus.qute.TemplateException: ProfileResource/profile.html:130:90 - {questProfile.level.>=(3).?('1').:('0.5')}: Property/method [>=(3)] not found on class [int] nor handled by an extension method
		at io.quarkus.qute.TemplateException$Builder.build(TemplateException.java:173)
		at io.quarkus.qute.deployment.QuteProcessor.processTemplateErrors(QuteProcessor.java:251)
		... 10 more
	Suppressed: io.quarkus.qute.TemplateException: ProfileResource/profile.html:130:149 - {questProfile.level.>=(3).?('#ffd700').:('transparent')}: Property/method [>=(3)] not found on class [int] nor handled by an extension method
		at io.quarkus.qute.TemplateException$Builder.build(TemplateException.java:173)
		at io.quarkus.qute.deployment.QuteProcessor.processTemplateErrors(QuteProcessor.java:251)
		... 10 more
	Suppressed: io.quarkus.qute.TemplateException: ProfileResource/profile.html:136:90 - {questProfile.level.>=(5).?('1').:('0.5')}: Property/method [>=(5)] not found on class [int] nor handled by an extension method
		at io.quarkus.qute.TemplateException$Builder.build(TemplateException.java:173)
		at io.quarkus.qute.deployment.QuteProcessor.processTemplateErrors(QuteProcessor.java:251)
		... 10 more
	Suppressed: io.quarkus.qute.TemplateException: ProfileResource/profile.html:136:149 - {questProfile.level.>=(5).?('#ffd700').:('transparent')}: Property/method [>=(5)] not found on class [int] nor handled by an extension method
		at io.quarkus.qute.TemplateException$Builder.build(TemplateException.java:173)
		at io.quarkus.qute.deployment.QuteProcessor.processTemplateErrors(QuteProcessor.java:251)
		... 10 more
	Suppressed: io.quarkus.qute.TemplateException: ProfileResource/profile.html:142:90 - {questProfile.level.>=(10).?('1').:('0.5')}: Property/method [>=(10)] not found on class [int] nor handled by an extension method
		at io.quarkus.qute.TemplateException$Builder.build(TemplateException.java:173)
		at io.quarkus.qute.deployment.QuteProcessor.processTemplateErrors(QuteProcessor.java:251)
		... 10 more
	Suppressed: io.quarkus.qute.TemplateException: ProfileResource/profile.html:142:150 - {questProfile.level.>=(10).?('#ffd700').:('transparent')}: Property/method [>=(10)] not found on class [int] nor handled by an extension method
		at io.quarkus.qute.TemplateException$Builder.build(TemplateException.java:173)
		at io.quarkus.qute.deployment.QuteProcessor.processTemplateErrors(QuteProcessor.java:251)
		... 10 more

	at io.quarkus.builder.Execution.run(Execution.java:122)
	at io.quarkus.builder.BuildExecutionBuilder.execute(BuildExecutionBuilder.java:78)
	at io.quarkus.deployment.QuarkusAugmentor.run(QuarkusAugmentor.java:160)
	at io.quarkus.runner.bootstrap.AugmentActionImpl.runAugment(AugmentActionImpl.java:372)
	... 55 more
Caused by: io.quarkus.qute.TemplateException: Found incorrect expressions (8):
	[1] ProfileResource/profile.html:124:90 - {questProfile.level.>=(1).?('1').:('0.5')}: Property/method [>=(1)] not found on class [int] nor handled by an extension method
	[2] ProfileResource/profile.html:124:149 - {questProfile.level.>=(1).?('#ffd700').:('transparent')}: Property/method [>=(1)] not found on class [int] nor handled by an extension method
	[3] ProfileResource/profile.html:130:90 - {questProfile.level.>=(3).?('1').:('0.5')}: Property/method [>=(3)] not found on class [int] nor handled by an extension method
	[4] ProfileResource/profile.html:130:149 - {questProfile.level.>=(3).?('#ffd700').:('transparent')}: Property/method [>=(3)] not found on class [int] nor handled by an extension method
	[5] ProfileResource/profile.html:136:90 - {questProfile.level.>=(5).?('1').:('0.5')}: Property/method [>=(5)] not found on class [int] nor handled by an extension method
	[6] ProfileResource/profile.html:136:149 - {questProfile.level.>=(5).?('#ffd700').:('transparent')}: Property/method [>=(5)] not found on class [int] nor handled by an extension method
	[7] ProfileResource/profile.html:142:90 - {questProfile.level.>=(10).?('1').:('0.5')}: Property/method [>=(10)] not found on class [int] nor handled by an extension method
	[8] ProfileResource/profile.html:142:150 - {questProfile.level.>=(10).?('#ffd700').:('transparent')}: Property/method [>=(10)] not found on class [int] nor handled by an extension method

	at io.quarkus.qute.deployment.QuteProcessor.processTemplateErrors(QuteProcessor.java:274)
	at java.base/java.lang.invoke.MethodHandle.invokeWithArguments(MethodHandle.java:733)
	at io.quarkus.deployment.ExtensionLoader$3.execute(ExtensionLoader.java:874)
	at io.quarkus.builder.BuildContext.run(BuildContext.java:255)
	at org.jboss.threads.ContextHandler$1.runWith(ContextHandler.java:18)
	at org.jboss.threads.EnhancedQueueExecutor$Task.doRunWith(EnhancedQueueExecutor.java:2651)
	at org.jboss.threads.EnhancedQueueExecutor$Task.run(EnhancedQueueExecutor.java:2630)
	at org.jboss.threads.EnhancedQueueExecutor.runThreadBody(EnhancedQueueExecutor.java:1622)
	at org.jboss.threads.EnhancedQueueExecutor$ThreadBody.run(EnhancedQueueExecutor.java:1589)
	at java.base/java.lang.Thread.run(Thread.java:1583)
	at org.jboss.threads.JBossThread.run(JBossThread.java:501)
	Suppressed: io.quarkus.qute.TemplateException: ProfileResource/profile.html:124:90 - {questProfile.level.>=(1).?('1').:('0.5')}: Property/method [>=(1)] not found on class [int] nor handled by an extension method
		at io.quarkus.qute.TemplateException$Builder.build(TemplateException.java:173)
		at io.quarkus.qute.deployment.QuteProcessor.processTemplateErrors(QuteProcessor.java:251)
		... 10 more
	Suppressed: io.quarkus.qute.TemplateException: ProfileResource/profile.html:124:149 - {questProfile.level.>=(1).?('#ffd700').:('transparent')}: Property/method [>=(1)] not found on class [int] nor handled by an extension method
		at io.quarkus.qute.TemplateException$Builder.build(TemplateException.java:173)
		at io.quarkus.qute.deployment.QuteProcessor.processTemplateErrors(QuteProcessor.java:251)
		... 10 more
	Suppressed: io.quarkus.qute.TemplateException: ProfileResource/profile.html:130:90 - {questProfile.level.>=(3).?('1').:('0.5')}: Property/method [>=(3)] not found on class [int] nor handled by an extension method
		at io.quarkus.qute.TemplateException$Builder.build(TemplateException.java:173)
		at io.quarkus.qute.deployment.QuteProcessor.processTemplateErrors(QuteProcessor.java:251)
		... 10 more
	Suppressed: io.quarkus.qute.TemplateException: ProfileResource/profile.html:130:149 - {questProfile.level.>=(3).?('#ffd700').:('transparent')}: Property/method [>=(3)] not found on class [int] nor handled by an extension method
		at io.quarkus.qute.TemplateException$Builder.build(TemplateException.java:173)
		at io.quarkus.qute.deployment.QuteProcessor.processTemplateErrors(QuteProcessor.java:251)
		... 10 more
	Suppressed: io.quarkus.qute.TemplateException: ProfileResource/profile.html:136:90 - {questProfile.level.>=(5).?('1').:('0.5')}: Property/method [>=(5)] not found on class [int] nor handled by an extension method
		at io.quarkus.qute.TemplateException$Builder.build(TemplateException.java:173)
		at io.quarkus.qute.deployment.QuteProcessor.processTemplateErrors(QuteProcessor.java:251)
		... 10 more
	Suppressed: io.quarkus.qute.TemplateException: ProfileResource/profile.html:136:149 - {questProfile.level.>=(5).?('#ffd700').:('transparent')}: Property/method [>=(5)] not found on class [int] nor handled by an extension method
		at io.quarkus.qute.TemplateException$Builder.build(TemplateException.java:173)
		at io.quarkus.qute.deployment.QuteProcessor.processTemplateErrors(QuteProcessor.java:251)
		... 10 more
	Suppressed: io.quarkus.qute.TemplateException: ProfileResource/profile.html:142:90 - {questProfile.level.>=(10).?('1').:('0.5')}: Property/method [>=(10)] not found on class [int] nor handled by an extension method
		at io.quarkus.qute.TemplateException$Builder.build(TemplateException.java:173)
		at io.quarkus.qute.deployment.QuteProcessor.processTemplateErrors(QuteProcessor.java:251)
		... 10 more
	Suppressed: io.quarkus.qute.TemplateException: ProfileResource/profile.html:142:150 - {questProfile.level.>=(10).?('#ffd700').:('transparent')}: Property/method [>=(10)] not found on class [int] nor handled by an extension method
		at io.quarkus.qute.TemplateException$Builder.build(TemplateException.java:173)
		at io.quarkus.qute.deployment.QuteProcessor.processTemplateErrors(QuteProcessor.java:251)
		... 10 more
2025-12-16 22:00:03,726 SEVERE [org.jun.pla.lau.cor.DiscoveryIssueNotifier] (main) TestEngine with ID 'junit-jupiter' encountered a critical issue during test discovery:

(1) [ERROR] ClassSelector [className = 'com.scanales.eventflow.admin.AdminAccessTest', classLoader = null] resolution failed
    Source: ClassSource [className = 'com.scanales.eventflow.admin.AdminAccessTest', filePosition = null]
            at com.scanales.eventflow.admin.AdminAccessTest.<no-method>(SourceFile:0)
    Cause: org.junit.platform.commons.PreconditionViolationException: Could not load class with name: com.scanales.eventflow.admin.AdminAccessTest
	at org.junit.platform.engine.discovery.ClassSelector.lambda$getJavaClass$0(ClassSelector.java:98)
	at org.junit.platform.commons.function.Try$Failure.getOrThrow(Try.java:335)
	at org.junit.platform.engine.discovery.ClassSelector.getJavaClass(ClassSelector.java:97)
	at org.junit.jupiter.engine.discovery.ClassSelectorResolver.resolve(ClassSelectorResolver.java:87)
	at org.junit.platform.engine.support.discovery.EngineDiscoveryRequestResolution.lambda$resolve$2(EngineDiscoveryRequestResolution.java:135)
	at java.base/java.util.stream.ReferencePipeline$3$1.accept(ReferencePipeline.java:197)
	at java.base/java.util.ArrayList$ArrayListSpliterator.tryAdvance(ArrayList.java:1685)
	at java.base/java.util.stream.ReferencePipeline.forEachWithCancel(ReferencePipeline.java:129)
	at java.base/java.util.stream.AbstractPipeline.copyIntoWithCancel(AbstractPipeline.java:527)
	at java.base/java.util.stream.AbstractPipeline.copyInto(AbstractPipeline.java:513)
	at java.base/java.util.stream.AbstractPipeline.wrapAndCopyInto(AbstractPipeline.java:499)
	at java.base/java.util.stream.FindOps$FindOp.evaluateSequential(FindOps.java:150)
	at java.base/java.util.stream.AbstractPipeline.evaluate(AbstractPipeline.java:234)
	at java.base/java.util.stream.ReferencePipeline.findFirst(ReferencePipeline.java:647)
	at org.junit.platform.engine.support.discovery.EngineDiscoveryRequestResolution.resolve(EngineDiscoveryRequestResolution.java:189)
	at org.junit.platform.engine.support.discovery.EngineDiscoveryRequestResolution.resolve(EngineDiscoveryRequestResolution.java:126)
	at org.junit.platform.engine.support.discovery.EngineDiscoveryRequestResolution.resolveCompletely(EngineDiscoveryRequestResolution.java:92)
	at org.junit.platform.engine.support.discovery.EngineDiscoveryRequestResolution.run(EngineDiscoveryRequestResolution.java:83)
	at org.junit.platform.engine.support.discovery.EngineDiscoveryRequestResolver.resolve(EngineDiscoveryRequestResolver.java:148)
	at org.junit.jupiter.engine.discovery.DiscoverySelectorResolver.resolveSelectors(DiscoverySelectorResolver.java:63)
	at org.junit.jupiter.engine.JupiterTestEngine.discover(JupiterTestEngine.java:70)
	at org.junit.platform.launcher.core.EngineDiscoveryOrchestrator.discoverEngineRoot(EngineDiscoveryOrchestrator.java:195)
	at org.junit.platform.launcher.core.EngineDiscoveryOrchestrator.discoverSafely(EngineDiscoveryOrchestrator.java:174)
	at org.junit.platform.launcher.core.EngineDiscoveryOrchestrator.discover(EngineDiscoveryOrchestrator.java:119)
	at org.junit.platform.launcher.core.EngineDiscoveryOrchestrator.discover(EngineDiscoveryOrchestrator.java:84)
	at org.junit.platform.launcher.core.DefaultLauncher.discover(DefaultLauncher.java:104)
	at org.junit.platform.launcher.core.DefaultLauncher.discover(DefaultLauncher.java:83)
	at org.junit.platform.launcher.core.DelegatingLauncher.discover(DelegatingLauncher.java:42)
	at org.junit.platform.launcher.core.InterceptingLauncher.lambda$discover$0(InterceptingLauncher.java:33)
	at org.junit.platform.launcher.core.ClasspathAlignmentCheckingLauncherInterceptor.intercept(ClasspathAlignmentCheckingLauncherInterceptor.java:25)
	at org.junit.platform.launcher.core.InterceptingLauncher.discover(InterceptingLauncher.java:33)
	at org.junit.platform.launcher.core.DelegatingLauncher.discover(DelegatingLauncher.java:42)
	at org.apache.maven.surefire.junitplatform.LazyLauncher.discover(LazyLauncher.java:50)
	at org.apache.maven.surefire.junitplatform.TestPlanScannerFilter.accept(TestPlanScannerFilter.java:52)
	at org.apache.maven.surefire.api.util.DefaultScanResult.applyFilter(DefaultScanResult.java:87)
	at org.apache.maven.surefire.junitplatform.JUnitPlatformProvider.scanClasspath(JUnitPlatformProvider.java:144)
	at org.apache.maven.surefire.junitplatform.JUnitPlatformProvider.invoke(JUnitPlatformProvider.java:124)
	at org.apache.maven.surefire.booter.ForkedBooter.runSuitesInProcess(ForkedBooter.java:385)
	at org.apache.maven.surefire.booter.ForkedBooter.execute(ForkedBooter.java:162)
	at org.apache.maven.surefire.booter.ForkedBooter.run(ForkedBooter.java:507)
	at org.apache.maven.surefire.booter.ForkedBooter.main(ForkedBooter.java:495)
Caused by: java.lang.RuntimeException: io.quarkus.builder.BuildException: Build failure: Build failed due to errors
	[error]: Build step io.quarkus.qute.deployment.QuteProcessor#processTemplateErrors threw an exception: io.quarkus.qute.TemplateException: Found incorrect expressions (8):
	[1] ProfileResource/profile.html:124:90 - {questProfile.level.>=(1).?('1').:('0.5')}: Property/method [>=(1)] not found on class [int] nor handled by an extension method
	[2] ProfileResource/profile.html:124:149 - {questProfile.level.>=(1).?('#ffd700').:('transparent')}: Property/method [>=(1)] not found on class [int] nor handled by an extension method
	[3] ProfileResource/profile.html:130:90 - {questProfile.level.>=(3).?('1').:('0.5')}: Property/method [>=(3)] not found on class [int] nor handled by an extension method
	[4] ProfileResource/profile.html:130:149 - {questProfile.level.>=(3).?('#ffd700').:('transparent')}: Property/method [>=(3)] not found on class [int] nor handled by an extension method
	[5] ProfileResource/profile.html:136:90 - {questProfile.level.>=(5).?('1').:('0.5')}: Property/method [>=(5)] not found on class [int] nor handled by an extension method
	[6] ProfileResource/profile.html:136:149 - {questProfile.level.>=(5).?('#ffd700').:('transparent')}: Property/method [>=(5)] not found on class [int] nor handled by an extension method
	[7] ProfileResource/profile.html:142:90 - {questProfile.level.>=(10).?('1').:('0.5')}: Property/method [>=(10)] not found on class [int] nor handled by an extension method
	[8] ProfileResource/profile.html:142:150 - {questProfile.level.>=(10).?('#ffd700').:('transparent')}: Property/method [>=(10)] not found on class [int] nor handled by an extension method

	at io.quarkus.qute.deployment.QuteProcessor.processTemplateErrors(QuteProcessor.java:274)
	at java.base/java.lang.invoke.MethodHandle.invokeWithArguments(MethodHandle.java:733)
	at io.quarkus.deployment.ExtensionLoader$3.execute(ExtensionLoader.java:874)
	at io.quarkus.builder.BuildContext.run(BuildContext.java:255)
	at org.jboss.threads.ContextHandler$1.runWith(ContextHandler.java:18)
	at org.jboss.threads.EnhancedQueueExecutor$Task.doRunWith(EnhancedQueueExecutor.java:2651)
	at org.jboss.threads.EnhancedQueueExecutor$Task.run(EnhancedQueueExecutor.java:2630)
	at org.jboss.threads.EnhancedQueueExecutor.runThreadBody(EnhancedQueueExecutor.java:1622)
	at org.jboss.threads.EnhancedQueueExecutor$ThreadBody.run(EnhancedQueueExecutor.java:1589)
	at java.base/java.lang.Thread.run(Thread.java:1583)
	at org.jboss.threads.JBossThread.run(JBossThread.java:501)
	Suppressed: io.quarkus.qute.TemplateException: ProfileResource/profile.html:124:90 - {questProfile.level.>=(1).?('1').:('0.5')}: Property/method [>=(1)] not found on class [int] nor handled by an extension method
		at io.quarkus.qute.TemplateException$Builder.build(TemplateException.java:173)
		at io.quarkus.qute.deployment.QuteProcessor.processTemplateErrors(QuteProcessor.java:251)
		... 10 more
	Suppressed: io.quarkus.qute.TemplateException: ProfileResource/profile.html:124:149 - {questProfile.level.>=(1).?('#ffd700').:('transparent')}: Property/method [>=(1)] not found on class [int] nor handled by an extension method
		at io.quarkus.qute.TemplateException$Builder.build(TemplateException.java:173)
		at io.quarkus.qute.deployment.QuteProcessor.processTemplateErrors(QuteProcessor.java:251)
		... 10 more
	Suppressed: io.quarkus.qute.TemplateException: ProfileResource/profile.html:130:90 - {questProfile.level.>=(3).?('1').:('0.5')}: Property/method [>=(3)] not found on class [int] nor handled by an extension method
		at io.quarkus.qute.TemplateException$Builder.build(TemplateException.java:173)
		at io.quarkus.qute.deployment.QuteProcessor.processTemplateErrors(QuteProcessor.java:251)
		... 10 more
	Suppressed: io.quarkus.qute.TemplateException: ProfileResource/profile.html:130:149 - {questProfile.level.>=(3).?('#ffd700').:('transparent')}: Property/method [>=(3)] not found on class [int] nor handled by an extension method
		at io.quarkus.qute.TemplateException$Builder.build(TemplateException.java:173)
		at io.quarkus.qute.deployment.QuteProcessor.processTemplateErrors(QuteProcessor.java:251)
		... 10 more
	Suppressed: io.quarkus.qute.TemplateException: ProfileResource/profile.html:136:90 - {questProfile.level.>=(5).?('1').:('0.5')}: Property/method [>=(5)] not found on class [int] nor handled by an extension method
		at io.quarkus.qute.TemplateException$Builder.build(TemplateException.java:173)
		at io.quarkus.qute.deployment.QuteProcessor.processTemplateErrors(QuteProcessor.java:251)
		... 10 more
	Suppressed: io.quarkus.qute.TemplateException: ProfileResource/profile.html:136:149 - {questProfile.level.>=(5).?('#ffd700').:('transparent')}: Property/method [>=(5)] not found on class [int] nor handled by an extension method
		at io.quarkus.qute.TemplateException$Builder.build(TemplateException.java:173)
		at io.quarkus.qute.deployment.QuteProcessor.processTemplateErrors(QuteProcessor.java:251)
		... 10 more
	Suppressed: io.quarkus.qute.TemplateException: ProfileResource/profile.html:142:90 - {questProfile.level.>=(10).?('1').:('0.5')}: Property/method [>=(10)] not found on class [int] nor handled by an extension method
		at io.quarkus.qute.TemplateException$Builder.build(TemplateException.java:173)
		at io.quarkus.qute.deployment.QuteProcessor.processTemplateErrors(QuteProcessor.java:251)
		... 10 more
	Suppressed: io.quarkus.qute.TemplateException: ProfileResource/profile.html:142:150 - {questProfile.level.>=(10).?('#ffd700').:('transparent')}: Property/method [>=(10)] not found on class [int] nor handled by an extension method
		at io.quarkus.qute.TemplateException$Builder.build(TemplateException.java:173)
		at io.quarkus.qute.deployment.QuteProcessor.processTemplateErrors(QuteProcessor.java:251)
		... 10 more

	at io.quarkus.runner.bootstrap.AugmentActionImpl.runAugment(AugmentActionImpl.java:376)
	at io.quarkus.runner.bootstrap.AugmentActionImpl.createInitialRuntimeApplication(AugmentActionImpl.java:293)
	at io.quarkus.runner.bootstrap.AugmentActionImpl.createInitialRuntimeApplication(AugmentActionImpl.java:61)
	at io.quarkus.test.junit.AppMakerHelper.getStartupAction(AppMakerHelper.java:253)
	at io.quarkus.test.junit.classloading.FacadeClassLoader.getOrCreateRuntimeClassLoader(FacadeClassLoader.java:544)
	at io.quarkus.test.junit.classloading.FacadeClassLoader.getQuarkusClassLoader(FacadeClassLoader.java:441)
	at io.quarkus.test.junit.classloading.FacadeClassLoader.loadClass(FacadeClassLoader.java:330)
	at java.base/java.lang.Class.forName0(Native Method)
	at java.base/java.lang.Class.forName(Class.java:534)
	at java.base/java.lang.Class.forName(Class.java:513)
	at org.junit.platform.commons.util.ReflectionUtils.lambda$tryToLoadClass$10(ReflectionUtils.java:886)
	at org.junit.platform.commons.function.Try.lambda$call$0(Try.java:57)
	at org.junit.platform.commons.function.Try.of(Try.java:93)
	at org.junit.platform.commons.function.Try.call(Try.java:57)
	at org.junit.platform.commons.util.ReflectionUtils.tryToLoadClass(ReflectionUtils.java:873)
	at org.junit.platform.commons.util.ReflectionUtils.tryToLoadClass(ReflectionUtils.java:810)
	at org.junit.platform.commons.support.ReflectionSupport.tryToLoadClass(ReflectionSupport.java:94)
	at org.junit.platform.engine.discovery.ClassSelector.getJavaClass(ClassSelector.java:95)
	... 38 more
Caused by: io.quarkus.builder.BuildException: Build failure: Build failed due to errors
	[error]: Build step io.quarkus.qute.deployment.QuteProcessor#processTemplateErrors threw an exception: io.quarkus.qute.TemplateException: Found incorrect expressions (8):
	[1] ProfileResource/profile.html:124:90 - {questProfile.level.>=(1).?('1').:('0.5')}: Property/method [>=(1)] not found on class [int] nor handled by an extension method
	[2] ProfileResource/profile.html:124:149 - {questProfile.level.>=(1).?('#ffd700').:('transparent')}: Property/method [>=(1)] not found on class [int] nor handled by an extension method
	[3] ProfileResource/profile.html:130:90 - {questProfile.level.>=(3).?('1').:('0.5')}: Property/method [>=(3)] not found on class [int] nor handled by an extension method
	[4] ProfileResource/profile.html:130:149 - {questProfile.level.>=(3).?('#ffd700').:('transparent')}: Property/method [>=(3)] not found on class [int] nor handled by an extension method
	[5] ProfileResource/profile.html:136:90 - {questProfile.level.>=(5).?('1').:('0.5')}: Property/method [>=(5)] not found on class [int] nor handled by an extension method
	[6] ProfileResource/profile.html:136:149 - {questProfile.level.>=(5).?('#ffd700').:('transparent')}: Property/method [>=(5)] not found on class [int] nor handled by an extension method
	[7] ProfileResource/profile.html:142:90 - {questProfile.level.>=(10).?('1').:('0.5')}: Property/method [>=(10)] not found on class [int] nor handled by an extension method
	[8] ProfileResource/profile.html:142:150 - {questProfile.level.>=(10).?('#ffd700').:('transparent')}: Property/method [>=(10)] not found on class [int] nor handled by an extension method

	at io.quarkus.qute.deployment.QuteProcessor.processTemplateErrors(QuteProcessor.java:274)
	at java.base/java.lang.invoke.MethodHandle.invokeWithArguments(MethodHandle.java:733)
	at io.quarkus.deployment.ExtensionLoader$3.execute(ExtensionLoader.java:874)
	at io.quarkus.builder.BuildContext.run(BuildContext.java:255)
	at org.jboss.threads.ContextHandler$1.runWith(ContextHandler.java:18)
	at org.jboss.threads.EnhancedQueueExecutor$Task.doRunWith(EnhancedQueueExecutor.java:2651)
	at org.jboss.threads.EnhancedQueueExecutor$Task.run(EnhancedQueueExecutor.java:2630)
	at org.jboss.threads.EnhancedQueueExecutor.runThreadBody(EnhancedQueueExecutor.java:1622)
	at org.jboss.threads.EnhancedQueueExecutor$ThreadBody.run(EnhancedQueueExecutor.java:1589)
	at java.base/java.lang.Thread.run(Thread.java:1583)
	at org.jboss.threads.JBossThread.run(JBossThread.java:501)
	Suppressed: io.quarkus.qute.TemplateException: ProfileResource/profile.html:124:90 - {questProfile.level.>=(1).?('1').:('0.5')}: Property/method [>=(1)] not found on class [int] nor handled by an extension method
		at io.quarkus.qute.TemplateException$Builder.build(TemplateException.java:173)
		at io.quarkus.qute.deployment.QuteProcessor.processTemplateErrors(QuteProcessor.java:251)
		... 10 more
	Suppressed: io.quarkus.qute.TemplateException: ProfileResource/profile.html:124:149 - {questProfile.level.>=(1).?('#ffd700').:('transparent')}: Property/method [>=(1)] not found on class [int] nor handled by an extension method
		at io.quarkus.qute.TemplateException$Builder.build(TemplateException.java:173)
		at io.quarkus.qute.deployment.QuteProcessor.processTemplateErrors(QuteProcessor.java:251)
		... 10 more
	Suppressed: io.quarkus.qute.TemplateException: ProfileResource/profile.html:130:90 - {questProfile.level.>=(3).?('1').:('0.5')}: Property/method [>=(3)] not found on class [int] nor handled by an extension method
		at io.quarkus.qute.TemplateException$Builder.build(TemplateException.java:173)
		at io.quarkus.qute.deployment.QuteProcessor.processTemplateErrors(QuteProcessor.java:251)
		... 10 more
	Suppressed: io.quarkus.qute.TemplateException: ProfileResource/profile.html:130:149 - {questProfile.level.>=(3).?('#ffd700').:('transparent')}: Property/method [>=(3)] not found on class [int] nor handled by an extension method
		at io.quarkus.qute.TemplateException$Builder.build(TemplateException.java:173)
		at io.quarkus.qute.deployment.QuteProcessor.processTemplateErrors(QuteProcessor.java:251)
		... 10 more
	Suppressed: io.quarkus.qute.TemplateException: ProfileResource/profile.html:136:90 - {questProfile.level.>=(5).?('1').:('0.5')}: Property/method [>=(5)] not found on class [int] nor handled by an extension method
		at io.quarkus.qute.TemplateException$Builder.build(TemplateException.java:173)
		at io.quarkus.qute.deployment.QuteProcessor.processTemplateErrors(QuteProcessor.java:251)
		... 10 more
	Suppressed: io.quarkus.qute.TemplateException: ProfileResource/profile.html:136:149 - {questProfile.level.>=(5).?('#ffd700').:('transparent')}: Property/method [>=(5)] not found on class [int] nor handled by an extension method
		at io.quarkus.qute.TemplateException$Builder.build(TemplateException.java:173)
		at io.quarkus.qute.deployment.QuteProcessor.processTemplateErrors(QuteProcessor.java:251)
		... 10 more
	Suppressed: io.quarkus.qute.TemplateException: ProfileResource/profile.html:142:90 - {questProfile.level.>=(10).?('1').:('0.5')}: Property/method [>=(10)] not found on class [int] nor handled by an extension method
		at io.quarkus.qute.TemplateException$Builder.build(TemplateException.java:173)
		at io.quarkus.qute.deployment.QuteProcessor.processTemplateErrors(QuteProcessor.java:251)
		... 10 more
	Suppressed: io.quarkus.qute.TemplateException: ProfileResource/profile.html:142:150 - {questProfile.level.>=(10).?('#ffd700').:('transparent')}: Property/method [>=(10)] not found on class [int] nor handled by an extension method
		at io.quarkus.qute.TemplateException$Builder.build(TemplateException.java:173)
		at io.quarkus.qute.deployment.QuteProcessor.processTemplateErrors(QuteProcessor.java:251)
		... 10 more

	at io.quarkus.builder.Execution.run(Execution.java:122)
	at io.quarkus.builder.BuildExecutionBuilder.execute(BuildExecutionBuilder.java:78)
	at io.quarkus.deployment.QuarkusAugmentor.run(QuarkusAugmentor.java:160)
	at io.quarkus.runner.bootstrap.AugmentActionImpl.runAugment(AugmentActionImpl.java:372)
	... 55 more
Caused by: io.quarkus.qute.TemplateException: Found incorrect expressions (8):
	[1] ProfileResource/profile.html:124:90 - {questProfile.level.>=(1).?('1').:('0.5')}: Property/method [>=(1)] not found on class [int] nor handled by an extension method
	[2] ProfileResource/profile.html:124:149 - {questProfile.level.>=(1).?('#ffd700').:('transparent')}: Property/method [>=(1)] not found on class [int] nor handled by an extension method
	[3] ProfileResource/profile.html:130:90 - {questProfile.level.>=(3).?('1').:('0.5')}: Property/method [>=(3)] not found on class [int] nor handled by an extension method
	[4] ProfileResource/profile.html:130:149 - {questProfile.level.>=(3).?('#ffd700').:('transparent')}: Property/method [>=(3)] not found on class [int] nor handled by an extension method
	[5] ProfileResource/profile.html:136:90 - {questProfile.level.>=(5).?('1').:('0.5')}: Property/method [>=(5)] not found on class [int] nor handled by an extension method
	[6] ProfileResource/profile.html:136:149 - {questProfile.level.>=(5).?('#ffd700').:('transparent')}: Property/method [>=(5)] not found on class [int] nor handled by an extension method
	[7] ProfileResource/profile.html:142:90 - {questProfile.level.>=(10).?('1').:('0.5')}: Property/method [>=(10)] not found on class [int] nor handled by an extension method
	[8] ProfileResource/profile.html:142:150 - {questProfile.level.>=(10).?('#ffd700').:('transparent')}: Property/method [>=(10)] not found on class [int] nor handled by an extension method

	at io.quarkus.qute.deployment.QuteProcessor.processTemplateErrors(QuteProcessor.java:274)
	at java.base/java.lang.invoke.MethodHandle.invokeWithArguments(MethodHandle.java:733)
	at io.quarkus.deployment.ExtensionLoader$3.execute(ExtensionLoader.java:874)
	at io.quarkus.builder.BuildContext.run(BuildContext.java:255)
	at org.jboss.threads.ContextHandler$1.runWith(ContextHandler.java:18)
	at org.jboss.threads.EnhancedQueueExecutor$Task.doRunWith(EnhancedQueueExecutor.java:2651)
	at org.jboss.threads.EnhancedQueueExecutor$Task.run(EnhancedQueueExecutor.java:2630)
	at org.jboss.threads.EnhancedQueueExecutor.runThreadBody(EnhancedQueueExecutor.java:1622)
	at org.jboss.threads.EnhancedQueueExecutor$ThreadBody.run(EnhancedQueueExecutor.java:1589)
	at java.base/java.lang.Thread.run(Thread.java:1583)
	at org.jboss.threads.JBossThread.run(JBossThread.java:501)
	Suppressed: io.quarkus.qute.TemplateException: ProfileResource/profile.html:124:90 - {questProfile.level.>=(1).?('1').:('0.5')}: Property/method [>=(1)] not found on class [int] nor handled by an extension method
		at io.quarkus.qute.TemplateException$Builder.build(TemplateException.java:173)
		at io.quarkus.qute.deployment.QuteProcessor.processTemplateErrors(QuteProcessor.java:251)
		... 10 more
	Suppressed: io.quarkus.qute.TemplateException: ProfileResource/profile.html:124:149 - {questProfile.level.>=(1).?('#ffd700').:('transparent')}: Property/method [>=(1)] not found on class [int] nor handled by an extension method
		at io.quarkus.qute.TemplateException$Builder.build(TemplateException.java:173)
		at io.quarkus.qute.deployment.QuteProcessor.processTemplateErrors(QuteProcessor.java:251)
		... 10 more
	Suppressed: io.quarkus.qute.TemplateException: ProfileResource/profile.html:130:90 - {questProfile.level.>=(3).?('1').:('0.5')}: Property/method [>=(3)] not found on class [int] nor handled by an extension method
		at io.quarkus.qute.TemplateException$Builder.build(TemplateException.java:173)
		at io.quarkus.qute.deployment.QuteProcessor.processTemplateErrors(QuteProcessor.java:251)
		... 10 more
	Suppressed: io.quarkus.qute.TemplateException: ProfileResource/profile.html:130:149 - {questProfile.level.>=(3).?('#ffd700').:('transparent')}: Property/method [>=(3)] not found on class [int] nor handled by an extension method
		at io.quarkus.qute.TemplateException$Builder.build(TemplateException.java:173)
		at io.quarkus.qute.deployment.QuteProcessor.processTemplateErrors(QuteProcessor.java:251)
		... 10 more
	Suppressed: io.quarkus.qute.TemplateException: ProfileResource/profile.html:136:90 - {questProfile.level.>=(5).?('1').:('0.5')}: Property/method [>=(5)] not found on class [int] nor handled by an extension method
		at io.quarkus.qute.TemplateException$Builder.build(TemplateException.java:173)
		at io.quarkus.qute.deployment.QuteProcessor.processTemplateErrors(QuteProcessor.java:251)
		... 10 more
	Suppressed: io.quarkus.qute.TemplateException: ProfileResource/profile.html:136:149 - {questProfile.level.>=(5).?('#ffd700').:('transparent')}: Property/method [>=(5)] not found on class [int] nor handled by an extension method
		at io.quarkus.qute.TemplateException$Builder.build(TemplateException.java:173)
		at io.quarkus.qute.deployment.QuteProcessor.processTemplateErrors(QuteProcessor.java:251)
		... 10 more
	Suppressed: io.quarkus.qute.TemplateException: ProfileResource/profile.html:142:90 - {questProfile.level.>=(10).?('1').:('0.5')}: Property/method [>=(10)] not found on class [int] nor handled by an extension method
		at io.quarkus.qute.TemplateException$Builder.build(TemplateException.java:173)
		at io.quarkus.qute.deployment.QuteProcessor.processTemplateErrors(QuteProcessor.java:251)
		... 10 more
	Suppressed: io.quarkus.qute.TemplateException: ProfileResource/profile.html:142:150 - {questProfile.level.>=(10).?('#ffd700').:('transparent')}: Property/method [>=(10)] not found on class [int] nor handled by an extension method
		at io.quarkus.qute.TemplateException$Builder.build(TemplateException.java:173)
		at io.quarkus.qute.deployment.QuteProcessor.processTemplateErrors(QuteProcessor.java:251)
		... 10 more

[ERROR] TestEngine with ID 'junit-jupiter' encountered a critical issue during test discovery:

(1) [ERROR] ClassSelector [className = 'com.scanales.eventflow.admin.AdminAccessTest', classLoader = null] resolution failed
    Source: ClassSource [className = 'com.scanales.eventflow.admin.AdminAccessTest', filePosition = null]
            at com.scanales.eventflow.admin.AdminAccessTest.<no-method>(SourceFile:0)
    Cause: org.junit.platform.commons.PreconditionViolationException: Could not load class with name: com.scanales.eventflow.admin.AdminAccessTest
	at org.junit.platform.engine.discovery.ClassSelector.lambda$getJavaClass$0(ClassSelector.java:98)
	at org.junit.platform.commons.function.Try$Failure.getOrThrow(Try.java:335)
	at org.junit.platform.engine.discovery.ClassSelector.getJavaClass(ClassSelector.java:97)
	at org.junit.jupiter.engine.discovery.ClassSelectorResolver.resolve(ClassSelectorResolver.java:87)
	at org.junit.platform.engine.support.discovery.EngineDiscoveryRequestResolution.lambda$resolve$2(EngineDiscoveryRequestResolution.java:135)
	at java.base/java.util.stream.ReferencePipeline$3$1.accept(ReferencePipeline.java:197)
	at java.base/java.util.ArrayList$ArrayListSpliterator.tryAdvance(ArrayList.java:1685)
	at java.base/java.util.stream.ReferencePipeline.forEachWithCancel(ReferencePipeline.java:129)
	at java.base/java.util.stream.AbstractPipeline.copyIntoWithCancel(AbstractPipeline.java:527)
	at java.base/java.util.stream.AbstractPipeline.copyInto(AbstractPipeline.java:513)
	at java.base/java.util.stream.AbstractPipeline.wrapAndCopyInto(AbstractPipeline.java:499)
	at java.base/java.util.stream.FindOps$FindOp.evaluateSequential(FindOps.java:150)
	at java.base/java.util.stream.AbstractPipeline.evaluate(AbstractPipeline.java:234)
	at java.base/java.util.stream.ReferencePipeline.findFirst(ReferencePipeline.java:647)
	at org.junit.platform.engine.support.discovery.EngineDiscoveryRequestResolution.resolve(EngineDiscoveryRequestResolution.java:189)
	at org.junit.platform.engine.support.discovery.EngineDiscoveryRequestResolution.resolve(EngineDiscoveryRequestResolution.java:126)
	at org.junit.platform.engine.support.discovery.EngineDiscoveryRequestResolution.resolveCompletely(EngineDiscoveryRequestResolution.java:92)
	at org.junit.platform.engine.support.discovery.EngineDiscoveryRequestResolution.run(EngineDiscoveryRequestResolution.java:83)
	at org.junit.platform.engine.support.discovery.EngineDiscoveryRequestResolver.resolve(EngineDiscoveryRequestResolver.java:148)
	at org.junit.jupiter.engine.discovery.DiscoverySelectorResolver.resolveSelectors(DiscoverySelectorResolver.java:63)
	at org.junit.jupiter.engine.JupiterTestEngine.discover(JupiterTestEngine.java:70)
	at org.junit.platform.launcher.core.EngineDiscoveryOrchestrator.discoverEngineRoot(EngineDiscoveryOrchestrator.java:195)
	at org.junit.platform.launcher.core.EngineDiscoveryOrchestrator.discoverSafely(EngineDiscoveryOrchestrator.java:174)
	at org.junit.platform.launcher.core.EngineDiscoveryOrchestrator.discover(EngineDiscoveryOrchestrator.java:119)
	at org.junit.platform.launcher.core.EngineDiscoveryOrchestrator.discover(EngineDiscoveryOrchestrator.java:84)
	at org.junit.platform.launcher.core.DefaultLauncher.discover(DefaultLauncher.java:104)
	at org.junit.platform.launcher.core.DefaultLauncher.discover(DefaultLauncher.java:83)
	at org.junit.platform.launcher.core.DelegatingLauncher.discover(DelegatingLauncher.java:42)
	at org.junit.platform.launcher.core.InterceptingLauncher.lambda$discover$0(InterceptingLauncher.java:33)
	at org.junit.platform.launcher.core.ClasspathAlignmentCheckingLauncherInterceptor.intercept(ClasspathAlignmentCheckingLauncherInterceptor.java:25)
	at org.junit.platform.launcher.core.InterceptingLauncher.discover(InterceptingLauncher.java:33)
	at org.junit.platform.launcher.core.DelegatingLauncher.discover(DelegatingLauncher.java:42)
	at org.apache.maven.surefire.junitplatform.LazyLauncher.discover(LazyLauncher.java:50)
	at org.apache.maven.surefire.junitplatform.TestPlanScannerFilter.accept(TestPlanScannerFilter.java:52)
	at org.apache.maven.surefire.api.util.DefaultScanResult.applyFilter(DefaultScanResult.java:87)
	at org.apache.maven.surefire.junitplatform.JUnitPlatformProvider.scanClasspath(JUnitPlatformProvider.java:144)
	at org.apache.maven.surefire.junitplatform.JUnitPlatformProvider.invoke(JUnitPlatformProvider.java:124)
	at org.apache.maven.surefire.booter.ForkedBooter.runSuitesInProcess(ForkedBooter.java:385)
	at org.apache.maven.surefire.booter.ForkedBooter.execute(ForkedBooter.java:162)
	at org.apache.maven.surefire.booter.ForkedBooter.run(ForkedBooter.java:507)
	at org.apache.maven.surefire.booter.ForkedBooter.main(ForkedBooter.java:495)
Caused by: java.lang.RuntimeException: io.quarkus.builder.BuildException: Build failure: Build failed due to errors
	[error]: Build step io.quarkus.qute.deployment.QuteProcessor#processTemplateErrors threw an exception: io.quarkus.qute.TemplateException: Found incorrect expressions (8):
	[1] ProfileResource/profile.html:124:90 - {questProfile.level.>=(1).?('1').:('0.5')}: Property/method [>=(1)] not found on class [int] nor handled by an extension method
	[2] ProfileResource/profile.html:124:149 - {questProfile.level.>=(1).?('#ffd700').:('transparent')}: Property/method [>=(1)] not found on class [int] nor handled by an extension method
	[3] ProfileResource/profile.html:130:90 - {questProfile.level.>=(3).?('1').:('0.5')}: Property/method [>=(3)] not found on class [int] nor handled by an extension method
	[4] ProfileResource/profile.html:130:149 - {questProfile.level.>=(3).?('#ffd700').:('transparent')}: Property/method [>=(3)] not found on class [int] nor handled by an extension method
	[5] ProfileResource/profile.html:136:90 - {questProfile.level.>=(5).?('1').:('0.5')}: Property/method [>=(5)] not found on class [int] nor handled by an extension method
	[6] ProfileResource/profile.html:136:149 - {questProfile.level.>=(5).?('#ffd700').:('transparent')}: Property/method [>=(5)] not found on class [int] nor handled by an extension method
	[7] ProfileResource/profile.html:142:90 - {questProfile.level.>=(10).?('1').:('0.5')}: Property/method [>=(10)] not found on class [int] nor handled by an extension method
	[8] ProfileResource/profile.html:142:150 - {questProfile.level.>=(10).?('#ffd700').:('transparent')}: Property/method [>=(10)] not found on class [int] nor handled by an extension method

	at io.quarkus.qute.deployment.QuteProcessor.processTemplateErrors(QuteProcessor.java:274)
	at java.base/java.lang.invoke.MethodHandle.invokeWithArguments(MethodHandle.java:733)
	at io.quarkus.deployment.ExtensionLoader$3.execute(ExtensionLoader.java:874)
	at io.quarkus.builder.BuildContext.run(BuildContext.java:255)
	at org.jboss.threads.ContextHandler$1.runWith(ContextHandler.java:18)
	at org.jboss.threads.EnhancedQueueExecutor$Task.doRunWith(EnhancedQueueExecutor.java:2651)
	at org.jboss.threads.EnhancedQueueExecutor$Task.run(EnhancedQueueExecutor.java:2630)
	at org.jboss.threads.EnhancedQueueExecutor.runThreadBody(EnhancedQueueExecutor.java:1622)
	at org.jboss.threads.EnhancedQueueExecutor$ThreadBody.run(EnhancedQueueExecutor.java:1589)
	at java.base/java.lang.Thread.run(Thread.java:1583)
	at org.jboss.threads.JBossThread.run(JBossThread.java:501)
	Suppressed: io.quarkus.qute.TemplateException: ProfileResource/profile.html:124:90 - {questProfile.level.>=(1).?('1').:('0.5')}: Property/method [>=(1)] not found on class [int] nor handled by an extension method
		at io.quarkus.qute.TemplateException$Builder.build(TemplateException.java:173)
		at io.quarkus.qute.deployment.QuteProcessor.processTemplateErrors(QuteProcessor.java:251)
		... 10 more
	Suppressed: io.quarkus.qute.TemplateException: ProfileResource/profile.html:124:149 - {questProfile.level.>=(1).?('#ffd700').:('transparent')}: Property/method [>=(1)] not found on class [int] nor handled by an extension method
		at io.quarkus.qute.TemplateException$Builder.build(TemplateException.java:173)
		at io.quarkus.qute.deployment.QuteProcessor.processTemplateErrors(QuteProcessor.java:251)
		... 10 more
	Suppressed: io.quarkus.qute.TemplateException: ProfileResource/profile.html:130:90 - {questProfile.level.>=(3).?('1').:('0.5')}: Property/method [>=(3)] not found on class [int] nor handled by an extension method
		at io.quarkus.qute.TemplateException$Builder.build(TemplateException.java:173)
		at io.quarkus.qute.deployment.QuteProcessor.processTemplateErrors(QuteProcessor.java:251)
		... 10 more
	Suppressed: io.quarkus.qute.TemplateException: ProfileResource/profile.html:130:149 - {questProfile.level.>=(3).?('#ffd700').:('transparent')}: Property/method [>=(3)] not found on class [int] nor handled by an extension method
		at io.quarkus.qute.TemplateException$Builder.build(TemplateException.java:173)
		at io.quarkus.qute.deployment.QuteProcessor.processTemplateErrors(QuteProcessor.java:251)
		... 10 more
	Suppressed: io.quarkus.qute.TemplateException: ProfileResource/profile.html:136:90 - {questProfile.level.>=(5).?('1').:('0.5')}: Property/method [>=(5)] not found on class [int] nor handled by an extension method
		at io.quarkus.qute.TemplateException$Builder.build(TemplateException.java:173)
		at io.quarkus.qute.deployment.QuteProcessor.processTemplateErrors(QuteProcessor.java:251)
		... 10 more
	Suppressed: io.quarkus.qute.TemplateException: ProfileResource/profile.html:136:149 - {questProfile.level.>=(5).?('#ffd700').:('transparent')}: Property/method [>=(5)] not found on class [int] nor handled by an extension method
		at io.quarkus.qute.TemplateException$Builder.build(TemplateException.java:173)
		at io.quarkus.qute.deployment.QuteProcessor.processTemplateErrors(QuteProcessor.java:251)
		... 10 more
	Suppressed: io.quarkus.qute.TemplateException: ProfileResource/profile.html:142:90 - {questProfile.level.>=(10).?('1').:('0.5')}: Property/method [>=(10)] not found on class [int] nor handled by an extension method
		at io.quarkus.qute.TemplateException$Builder.build(TemplateException.java:173)
		at io.quarkus.qute.deployment.QuteProcessor.processTemplateErrors(QuteProcessor.java:251)
		... 10 more
	Suppressed: io.quarkus.qute.TemplateException: ProfileResource/profile.html:142:150 - {questProfile.level.>=(10).?('#ffd700').:('transparent')}: Property/method [>=(10)] not found on class [int] nor handled by an extension method
		at io.quarkus.qute.TemplateException$Builder.build(TemplateException.java:173)
		at io.quarkus.qute.deployment.QuteProcessor.processTemplateErrors(QuteProcessor.java:251)
		... 10 more

	at io.quarkus.runner.bootstrap.AugmentActionImpl.runAugment(AugmentActionImpl.java:376)
	at io.quarkus.runner.bootstrap.AugmentActionImpl.createInitialRuntimeApplication(AugmentActionImpl.java:293)
	at io.quarkus.runner.bootstrap.AugmentActionImpl.createInitialRuntimeApplication(AugmentActionImpl.java:61)
	at io.quarkus.test.junit.AppMakerHelper.getStartupAction(AppMakerHelper.java:253)
	at io.quarkus.test.junit.classloading.FacadeClassLoader.getOrCreateRuntimeClassLoader(FacadeClassLoader.java:544)
	at io.quarkus.test.junit.classloading.FacadeClassLoader.getQuarkusClassLoader(FacadeClassLoader.java:441)
	at io.quarkus.test.junit.classloading.FacadeClassLoader.loadClass(FacadeClassLoader.java:330)
	at java.base/java.lang.Class.forName0(Native Method)
	at java.base/java.lang.Class.forName(Class.java:534)
	at java.base/java.lang.Class.forName(Class.java:513)
	at org.junit.platform.commons.util.ReflectionUtils.lambda$tryToLoadClass$10(ReflectionUtils.java:886)
	at org.junit.platform.commons.function.Try.lambda$call$0(Try.java:57)
	at org.junit.platform.commons.function.Try.of(Try.java:93)
	at org.junit.platform.commons.function.Try.call(Try.java:57)
	at org.junit.platform.commons.util.ReflectionUtils.tryToLoadClass(ReflectionUtils.java:873)
	at org.junit.platform.commons.util.ReflectionUtils.tryToLoadClass(ReflectionUtils.java:810)
	at org.junit.platform.commons.support.ReflectionSupport.tryToLoadClass(ReflectionSupport.java:94)
	at org.junit.platform.engine.discovery.ClassSelector.getJavaClass(ClassSelector.java:95)
	... 38 more
Caused by: io.quarkus.builder.BuildException: Build failure: Build failed due to errors
	[error]: Build step io.quarkus.qute.deployment.QuteProcessor#processTemplateErrors threw an exception: io.quarkus.qute.TemplateException: Found incorrect expressions (8):
	[1] ProfileResource/profile.html:124:90 - {questProfile.level.>=(1).?('1').:('0.5')}: Property/method [>=(1)] not found on class [int] nor handled by an extension method
	[2] ProfileResource/profile.html:124:149 - {questProfile.level.>=(1).?('#ffd700').:('transparent')}: Property/method [>=(1)] not found on class [int] nor handled by an extension method
	[3] ProfileResource/profile.html:130:90 - {questProfile.level.>=(3).?('1').:('0.5')}: Property/method [>=(3)] not found on class [int] nor handled by an extension method
	[4] ProfileResource/profile.html:130:149 - {questProfile.level.>=(3).?('#ffd700').:('transparent')}: Property/method [>=(3)] not found on class [int] nor handled by an extension method
	[5] ProfileResource/profile.html:136:90 - {questProfile.level.>=(5).?('1').:('0.5')}: Property/method [>=(5)] not found on class [int] nor handled by an extension method
	[6] ProfileResource/profile.html:136:149 - {questProfile.level.>=(5).?('#ffd700').:('transparent')}: Property/method [>=(5)] not found on class [int] nor handled by an extension method
	[7] ProfileResource/profile.html:142:90 - {questProfile.level.>=(10).?('1').:('0.5')}: Property/method [>=(10)] not found on class [int] nor handled by an extension method
	[8] ProfileResource/profile.html:142:150 - {questProfile.level.>=(10).?('#ffd700').:('transparent')}: Property/method [>=(10)] not found on class [int] nor handled by an extension method

	at io.quarkus.qute.deployment.QuteProcessor.processTemplateErrors(QuteProcessor.java:274)
	at java.base/java.lang.invoke.MethodHandle.invokeWithArguments(MethodHandle.java:733)
	at io.quarkus.deployment.ExtensionLoader$3.execute(ExtensionLoader.java:874)
	at io.quarkus.builder.BuildContext.run(BuildContext.java:255)
	at org.jboss.threads.ContextHandler$1.runWith(ContextHandler.java:18)
	at org.jboss.threads.EnhancedQueueExecutor$Task.doRunWith(EnhancedQueueExecutor.java:2651)
	at org.jboss.threads.EnhancedQueueExecutor$Task.run(EnhancedQueueExecutor.java:2630)
	at org.jboss.threads.EnhancedQueueExecutor.runThreadBody(EnhancedQueueExecutor.java:1622)
	at org.jboss.threads.EnhancedQueueExecutor$ThreadBody.run(EnhancedQueueExecutor.java:1589)
	at java.base/java.lang.Thread.run(Thread.java:1583)
	at org.jboss.threads.JBossThread.run(JBossThread.java:501)
	Suppressed: io.quarkus.qute.TemplateException: ProfileResource/profile.html:124:90 - {questProfile.level.>=(1).?('1').:('0.5')}: Property/method [>=(1)] not found on class [int] nor handled by an extension method
		at io.quarkus.qute.TemplateException$Builder.build(TemplateException.java:173)
		at io.quarkus.qute.deployment.QuteProcessor.processTemplateErrors(QuteProcessor.java:251)
		... 10 more
	Suppressed: io.quarkus.qute.TemplateException: ProfileResource/profile.html:124:149 - {questProfile.level.>=(1).?('#ffd700').:('transparent')}: Property/method [>=(1)] not found on class [int] nor handled by an extension method
		at io.quarkus.qute.TemplateException$Builder.build(TemplateException.java:173)
		at io.quarkus.qute.deployment.QuteProcessor.processTemplateErrors(QuteProcessor.java:251)
		... 10 more
	Suppressed: io.quarkus.qute.TemplateException: ProfileResource/profile.html:130:90 - {questProfile.level.>=(3).?('1').:('0.5')}: Property/method [>=(3)] not found on class [int] nor handled by an extension method
		at io.quarkus.qute.TemplateException$Builder.build(TemplateException.java:173)
		at io.quarkus.qute.deployment.QuteProcessor.processTemplateErrors(QuteProcessor.java:251)
		... 10 more
	Suppressed: io.quarkus.qute.TemplateException: ProfileResource/profile.html:130:149 - {questProfile.level.>=(3).?('#ffd700').:('transparent')}: Property/method [>=(3)] not found on class [int] nor handled by an extension method
		at io.quarkus.qute.TemplateException$Builder.build(TemplateException.java:173)
		at io.quarkus.qute.deployment.QuteProcessor.processTemplateErrors(QuteProcessor.java:251)
		... 10 more
	Suppressed: io.quarkus.qute.TemplateException: ProfileResource/profile.html:136:90 - {questProfile.level.>=(5).?('1').:('0.5')}: Property/method [>=(5)] not found on class [int] nor handled by an extension method
		at io.quarkus.qute.TemplateException$Builder.build(TemplateException.java:173)
		at io.quarkus.qute.deployment.QuteProcessor.processTemplateErrors(QuteProcessor.java:251)
		... 10 more
	Suppressed: io.quarkus.qute.TemplateException: ProfileResource/profile.html:136:149 - {questProfile.level.>=(5).?('#ffd700').:('transparent')}: Property/method [>=(5)] not found on class [int] nor handled by an extension method
		at io.quarkus.qute.TemplateException$Builder.build(TemplateException.java:173)
		at io.quarkus.qute.deployment.QuteProcessor.processTemplateErrors(QuteProcessor.java:251)
		... 10 more
	Suppressed: io.quarkus.qute.TemplateException: ProfileResource/profile.html:142:90 - {questProfile.level.>=(10).?('1').:('0.5')}: Property/method [>=(10)] not found on class [int] nor handled by an extension method
		at io.quarkus.qute.TemplateException$Builder.build(TemplateException.java:173)
		at io.quarkus.qute.deployment.QuteProcessor.processTemplateErrors(QuteProcessor.java:251)
		... 10 more
	Suppressed: io.quarkus.qute.TemplateException: ProfileResource/profile.html:142:150 - {questProfile.level.>=(10).?('#ffd700').:('transparent')}: Property/method [>=(10)] not found on class [int] nor handled by an extension method
		at io.quarkus.qute.TemplateException$Builder.build(TemplateException.java:173)
		at io.quarkus.qute.deployment.QuteProcessor.processTemplateErrors(QuteProcessor.java:251)
		... 10 more

	at io.quarkus.builder.Execution.run(Execution.java:122)
	at io.quarkus.builder.BuildExecutionBuilder.execute(BuildExecutionBuilder.java:78)
	at io.quarkus.deployment.QuarkusAugmentor.run(QuarkusAugmentor.java:160)
	at io.quarkus.runner.bootstrap.AugmentActionImpl.runAugment(AugmentActionImpl.java:372)
	... 55 more
Caused by: io.quarkus.qute.TemplateException: Found incorrect expressions (8):
	[1] ProfileResource/profile.html:124:90 - {questProfile.level.>=(1).?('1').:('0.5')}: Property/method [>=(1)] not found on class [int] nor handled by an extension method
	[2] ProfileResource/profile.html:124:149 - {questProfile.level.>=(1).?('#ffd700').:('transparent')}: Property/method [>=(1)] not found on class [int] nor handled by an extension method
	[3] ProfileResource/profile.html:130:90 - {questProfile.level.>=(3).?('1').:('0.5')}: Property/method [>=(3)] not found on class [int] nor handled by an extension method
	[4] ProfileResource/profile.html:130:149 - {questProfile.level.>=(3).?('#ffd700').:('transparent')}: Property/method [>=(3)] not found on class [int] nor handled by an extension method
	[5] ProfileResource/profile.html:136:90 - {questProfile.level.>=(5).?('1').:('0.5')}: Property/method [>=(5)] not found on class [int] nor handled by an extension method
	[6] ProfileResource/profile.html:136:149 - {questProfile.level.>=(5).?('#ffd700').:('transparent')}: Property/method [>=(5)] not found on class [int] nor handled by an extension method
	[7] ProfileResource/profile.html:142:90 - {questProfile.level.>=(10).?('1').:('0.5')}: Property/method [>=(10)] not found on class [int] nor handled by an extension method
	[8] ProfileResource/profile.html:142:150 - {questProfile.level.>=(10).?('#ffd700').:('transparent')}: Property/method [>=(10)] not found on class [int] nor handled by an extension method

	at io.quarkus.qute.deployment.QuteProcessor.processTemplateErrors(QuteProcessor.java:274)
	at java.base/java.lang.invoke.MethodHandle.invokeWithArguments(MethodHandle.java:733)
	at io.quarkus.deployment.ExtensionLoader$3.execute(ExtensionLoader.java:874)
	at io.quarkus.builder.BuildContext.run(BuildContext.java:255)
	at org.jboss.threads.ContextHandler$1.runWith(ContextHandler.java:18)
	at org.jboss.threads.EnhancedQueueExecutor$Task.doRunWith(EnhancedQueueExecutor.java:2651)
	at org.jboss.threads.EnhancedQueueExecutor$Task.run(EnhancedQueueExecutor.java:2630)
	at org.jboss.threads.EnhancedQueueExecutor.runThreadBody(EnhancedQueueExecutor.java:1622)
	at org.jboss.threads.EnhancedQueueExecutor$ThreadBody.run(EnhancedQueueExecutor.java:1589)
	at java.base/java.lang.Thread.run(Thread.java:1583)
	at org.jboss.threads.JBossThread.run(JBossThread.java:501)
	Suppressed: io.quarkus.qute.TemplateException: ProfileResource/profile.html:124:90 - {questProfile.level.>=(1).?('1').:('0.5')}: Property/method [>=(1)] not found on class [int] nor handled by an extension method
		at io.quarkus.qute.TemplateException$Builder.build(TemplateException.java:173)
		at io.quarkus.qute.deployment.QuteProcessor.processTemplateErrors(QuteProcessor.java:251)
		... 10 more
	Suppressed: io.quarkus.qute.TemplateException: ProfileResource/profile.html:124:149 - {questProfile.level.>=(1).?('#ffd700').:('transparent')}: Property/method [>=(1)] not found on class [int] nor handled by an extension method
		at io.quarkus.qute.TemplateException$Builder.build(TemplateException.java:173)
		at io.quarkus.qute.deployment.QuteProcessor.processTemplateErrors(QuteProcessor.java:251)
		... 10 more
	Suppressed: io.quarkus.qute.TemplateException: ProfileResource/profile.html:130:90 - {questProfile.level.>=(3).?('1').:('0.5')}: Property/method [>=(3)] not found on class [int] nor handled by an extension method
		at io.quarkus.qute.TemplateException$Builder.build(TemplateException.java:173)
		at io.quarkus.qute.deployment.QuteProcessor.processTemplateErrors(QuteProcessor.java:251)
		... 10 more
	Suppressed: io.quarkus.qute.TemplateException: ProfileResource/profile.html:130:149 - {questProfile.level.>=(3).?('#ffd700').:('transparent')}: Property/method [>=(3)] not found on class [int] nor handled by an extension method
		at io.quarkus.qute.TemplateException$Builder.build(TemplateException.java:173)
		at io.quarkus.qute.deployment.QuteProcessor.processTemplateErrors(QuteProcessor.java:251)
		... 10 more
	Suppressed: io.quarkus.qute.TemplateException: ProfileResource/profile.html:136:90 - {questProfile.level.>=(5).?('1').:('0.5')}: Property/method [>=(5)] not found on class [int] nor handled by an extension method
		at io.quarkus.qute.TemplateException$Builder.build(TemplateException.java:173)
		at io.quarkus.qute.deployment.QuteProcessor.processTemplateErrors(QuteProcessor.java:251)
		... 10 more
	Suppressed: io.quarkus.qute.TemplateException: ProfileResource/profile.html:136:149 - {questProfile.level.>=(5).?('#ffd700').:('transparent')}: Property/method [>=(5)] not found on class [int] nor handled by an extension method
		at io.quarkus.qute.TemplateException$Builder.build(TemplateException.java:173)
		at io.quarkus.qute.deployment.QuteProcessor.processTemplateErrors(QuteProcessor.java:251)
		... 10 more
	Suppressed: io.quarkus.qute.TemplateException: ProfileResource/profile.html:142:90 - {questProfile.level.>=(10).?('1').:('0.5')}: Property/method [>=(10)] not found on class [int] nor handled by an extension method
		at io.quarkus.qute.TemplateException$Builder.build(TemplateException.java:173)
		at io.quarkus.qute.deployment.QuteProcessor.processTemplateErrors(QuteProcessor.java:251)
		... 10 more
	Suppressed: io.quarkus.qute.TemplateException: ProfileResource/profile.html:142:150 - {questProfile.level.>=(10).?('#ffd700').:('transparent')}: Property/method [>=(10)] not found on class [int] nor handled by an extension method
		at io.quarkus.qute.TemplateException$Builder.build(TemplateException.java:173)
		at io.quarkus.qute.deployment.QuteProcessor.processTemplateErrors(QuteProcessor.java:251)
		... 10 more
[INFO] 
[INFO] Results:
[INFO] 
[INFO] Tests run: 0, Failures: 0, Errors: 0, Skipped: 0
[INFO] 
[INFO] ------------------------------------------------------------------------
[INFO] BUILD FAILURE
[INFO] ------------------------------------------------------------------------
[INFO] Total time:  21.177 s
[INFO] Finished at: 2025-12-16T22:00:03-03:00
[INFO] ------------------------------------------------------------------------
[ERROR] Failed to execute goal org.apache.maven.plugins:maven-surefire-plugin:3.5.3:test (default-test) on project homedir: 
[ERROR] 
[ERROR] See C:\Users\sergi\git\homedir\quarkus-app\target\surefire-reports for the individual test results.
[ERROR] See dump files (if any exist) [date].dump, [date]-jvmRun[N].dump and [date].dumpstream.
[ERROR] There was an error in the forked process
[ERROR] TestEngine with ID 'junit-jupiter' encountered a critical issue during test discovery:
[ERROR] 
[ERROR] (1) [ERROR] ClassSelector [className = 'com.scanales.eventflow.admin.AdminAccessTest', classLoader = null] resolution failed
[ERROR]     Source: ClassSource [className = 'com.scanales.eventflow.admin.AdminAccessTest', filePosition = null]
[ERROR]             at com.scanales.eventflow.admin.AdminAccessTest.<no-method>(SourceFile:0)
[ERROR]     Cause: org.junit.platform.commons.PreconditionViolationException: Could not load class with name: com.scanales.eventflow.admin.AdminAccessTest
[ERROR] 	at org.junit.platform.engine.discovery.ClassSelector.lambda$getJavaClass$0(ClassSelector.java:98)
[ERROR] 	at org.junit.platform.commons.function.Try$Failure.getOrThrow(Try.java:335)
[ERROR] 	at org.junit.platform.engine.discovery.ClassSelector.getJavaClass(ClassSelector.java:97)
[ERROR] 	at org.junit.jupiter.engine.discovery.ClassSelectorResolver.resolve(ClassSelectorResolver.java:87)
[ERROR] 	at org.junit.platform.engine.support.discovery.EngineDiscoveryRequestResolution.lambda$resolve$2(EngineDiscoveryRequestResolution.java:135)
[ERROR] 	at java.base/java.util.stream.ReferencePipeline$3$1.accept(ReferencePipeline.java:197)
[ERROR] 	at java.base/java.util.ArrayList$ArrayListSpliterator.tryAdvance(ArrayList.java:1685)
[ERROR] 	at java.base/java.util.stream.ReferencePipeline.forEachWithCancel(ReferencePipeline.java:129)
[ERROR] 	at java.base/java.util.stream.AbstractPipeline.copyIntoWithCancel(AbstractPipeline.java:527)
[ERROR] 	at java.base/java.util.stream.AbstractPipeline.copyInto(AbstractPipeline.java:513)
[ERROR] 	at java.base/java.util.stream.AbstractPipeline.wrapAndCopyInto(AbstractPipeline.java:499)
[ERROR] 	at java.base/java.util.stream.FindOps$FindOp.evaluateSequential(FindOps.java:150)
[ERROR] 	at java.base/java.util.stream.AbstractPipeline.evaluate(AbstractPipeline.java:234)
[ERROR] 	at java.base/java.util.stream.ReferencePipeline.findFirst(ReferencePipeline.java:647)
[ERROR] 	at org.junit.platform.engine.support.discovery.EngineDiscoveryRequestResolution.resolve(EngineDiscoveryRequestResolution.java:189)
[ERROR] 	at org.junit.platform.engine.support.discovery.EngineDiscoveryRequestResolution.resolve(EngineDiscoveryRequestResolution.java:126)
[ERROR] 	at org.junit.platform.engine.support.discovery.EngineDiscoveryRequestResolution.resolveCompletely(EngineDiscoveryRequestResolution.java:92)
[ERROR] 	at org.junit.platform.engine.support.discovery.EngineDiscoveryRequestResolution.run(EngineDiscoveryRequestResolution.java:83)
[ERROR] 	at org.junit.platform.engine.support.discovery.EngineDiscoveryRequestResolver.resolve(EngineDiscoveryRequestResolver.java:148)
[ERROR] 	at org.junit.jupiter.engine.discovery.DiscoverySelectorResolver.resolveSelectors(DiscoverySelectorResolver.java:63)
[ERROR] 	at org.junit.jupiter.engine.JupiterTestEngine.discover(JupiterTestEngine.java:70)
[ERROR] 	at org.junit.platform.launcher.core.EngineDiscoveryOrchestrator.discoverEngineRoot(EngineDiscoveryOrchestrator.java:195)
[ERROR] 	at org.junit.platform.launcher.core.EngineDiscoveryOrchestrator.discoverSafely(EngineDiscoveryOrchestrator.java:174)
[ERROR] 	at org.junit.platform.launcher.core.EngineDiscoveryOrchestrator.discover(EngineDiscoveryOrchestrator.java:119)
[ERROR] 	at org.junit.platform.launcher.core.EngineDiscoveryOrchestrator.discover(EngineDiscoveryOrchestrator.java:84)
[ERROR] 	at org.junit.platform.launcher.core.DefaultLauncher.discover(DefaultLauncher.java:104)
[ERROR] 	at org.junit.platform.launcher.core.DefaultLauncher.discover(DefaultLauncher.java:83)
[ERROR] 	at org.junit.platform.launcher.core.DelegatingLauncher.discover(DelegatingLauncher.java:42)
[ERROR] 	at org.junit.platform.launcher.core.InterceptingLauncher.lambda$discover$0(InterceptingLauncher.java:33)
[ERROR] 	at org.junit.platform.launcher.core.ClasspathAlignmentCheckingLauncherInterceptor.intercept(ClasspathAlignmentCheckingLauncherInterceptor.java:25)
[ERROR] 	at org.junit.platform.launcher.core.InterceptingLauncher.discover(InterceptingLauncher.java:33)
[ERROR] 	at org.junit.platform.launcher.core.DelegatingLauncher.discover(DelegatingLauncher.java:42)
[ERROR] 	at org.apache.maven.surefire.junitplatform.LazyLauncher.discover(LazyLauncher.java:50)
[ERROR] 	at org.apache.maven.surefire.junitplatform.TestPlanScannerFilter.accept(TestPlanScannerFilter.java:52)
[ERROR] 	at org.apache.maven.surefire.api.util.DefaultScanResult.applyFilter(DefaultScanResult.java:87)
[ERROR] 	at org.apache.maven.surefire.junitplatform.JUnitPlatformProvider.scanClasspath(JUnitPlatformProvider.java:144)
[ERROR] 	at org.apache.maven.surefire.junitplatform.JUnitPlatformProvider.invoke(JUnitPlatformProvider.java:124)
[ERROR] 	at org.apache.maven.surefire.booter.ForkedBooter.runSuitesInProcess(ForkedBooter.java:385)
[ERROR] 	at org.apache.maven.surefire.booter.ForkedBooter.execute(ForkedBooter.java:162)
[ERROR] 	at org.apache.maven.surefire.booter.ForkedBooter.run(ForkedBooter.java:507)
[ERROR] 	at org.apache.maven.surefire.booter.ForkedBooter.main(ForkedBooter.java:495)
[ERROR] Caused by: java.lang.RuntimeException: io.quarkus.builder.BuildException: Build failure: Build failed due to errors
[ERROR] 	[error]: Build step io.quarkus.qute.deployment.QuteProcessor#processTemplateErrors threw an exception: io.quarkus.qute.TemplateException: Found incorrect expressions (8):
[ERROR] 	[1] ProfileResource/profile.html:124:90 - {questProfile.level.>=(1).?('1').:('0.5')}: Property/method [>=(1)] not found on class [int] nor handled by an extension method
[ERROR] 	[2] ProfileResource/profile.html:124:149 - {questProfile.level.>=(1).?('#ffd700').:('transparent')}: Property/method [>=(1)] not found on class [int] nor handled by an extension method
[ERROR] 	[3] ProfileResource/profile.html:130:90 - {questProfile.level.>=(3).?('1').:('0.5')}: Property/method [>=(3)] not found on class [int] nor handled by an extension method
[ERROR] 	[4] ProfileResource/profile.html:130:149 - {questProfile.level.>=(3).?('#ffd700').:('transparent')}: Property/method [>=(3)] not found on class [int] nor handled by an extension method
[ERROR] 	[5] ProfileResource/profile.html:136:90 - {questProfile.level.>=(5).?('1').:('0.5')}: Property/method [>=(5)] not found on class [int] nor handled by an extension method
[ERROR] 	[6] ProfileResource/profile.html:136:149 - {questProfile.level.>=(5).?('#ffd700').:('transparent')}: Property/method [>=(5)] not found on class [int] nor handled by an extension method
[ERROR] 	[7] ProfileResource/profile.html:142:90 - {questProfile.level.>=(10).?('1').:('0.5')}: Property/method [>=(10)] not found on class [int] nor handled by an extension method
[ERROR] 	[8] ProfileResource/profile.html:142:150 - {questProfile.level.>=(10).?('#ffd700').:('transparent')}: Property/method [>=(10)] not found on class [int] nor handled by an extension method
[ERROR] 
[ERROR] 	at io.quarkus.qute.deployment.QuteProcessor.processTemplateErrors(QuteProcessor.java:274)
[ERROR] 	at java.base/java.lang.invoke.MethodHandle.invokeWithArguments(MethodHandle.java:733)
[ERROR] 	at io.quarkus.deployment.ExtensionLoader$3.execute(ExtensionLoader.java:874)
[ERROR] 	at io.quarkus.builder.BuildContext.run(BuildContext.java:255)
[ERROR] 	at org.jboss.threads.ContextHandler$1.runWith(ContextHandler.java:18)
[ERROR] 	at org.jboss.threads.EnhancedQueueExecutor$Task.doRunWith(EnhancedQueueExecutor.java:2651)
[ERROR] 	at org.jboss.threads.EnhancedQueueExecutor$Task.run(EnhancedQueueExecutor.java:2630)
[ERROR] 	at org.jboss.threads.EnhancedQueueExecutor.runThreadBody(EnhancedQueueExecutor.java:1622)
[ERROR] 	at org.jboss.threads.EnhancedQueueExecutor$ThreadBody.run(EnhancedQueueExecutor.java:1589)
[ERROR] 	at java.base/java.lang.Thread.run(Thread.java:1583)
[ERROR] 	at org.jboss.threads.JBossThread.run(JBossThread.java:501)
[ERROR] 	Suppressed: io.quarkus.qute.TemplateException: ProfileResource/profile.html:124:90 - {questProfile.level.>=(1).?('1').:('0.5')}: Property/method [>=(1)] not found on class [int] nor handled by an extension method
[ERROR] 		at io.quarkus.qute.TemplateException$Builder.build(TemplateException.java:173)
[ERROR] 		at io.quarkus.qute.deployment.QuteProcessor.processTemplateErrors(QuteProcessor.java:251)
[ERROR] 		... 10 more
[ERROR] 	Suppressed: io.quarkus.qute.TemplateException: ProfileResource/profile.html:124:149 - {questProfile.level.>=(1).?('#ffd700').:('transparent')}: Property/method [>=(1)] not found on class [int] nor handled by an extension method
[ERROR] 		at io.quarkus.qute.TemplateException$Builder.build(TemplateException.java:173)
[ERROR] 		at io.quarkus.qute.deployment.QuteProcessor.processTemplateErrors(QuteProcessor.java:251)
[ERROR] 		... 10 more
[ERROR] 	Suppressed: io.quarkus.qute.TemplateException: ProfileResource/profile.html:130:90 - {questProfile.level.>=(3).?('1').:('0.5')}: Property/method [>=(3)] not found on class [int] nor handled by an extension method
[ERROR] 		at io.quarkus.qute.TemplateException$Builder.build(TemplateException.java:173)
[ERROR] 		at io.quarkus.qute.deployment.QuteProcessor.processTemplateErrors(QuteProcessor.java:251)
[ERROR] 		... 10 more
[ERROR] 	Suppressed: io.quarkus.qute.TemplateException: ProfileResource/profile.html:130:149 - {questProfile.level.>=(3).?('#ffd700').:('transparent')}: Property/method [>=(3)] not found on class [int] nor handled by an extension method
[ERROR] 		at io.quarkus.qute.TemplateException$Builder.build(TemplateException.java:173)
[ERROR] 		at io.quarkus.qute.deployment.QuteProcessor.processTemplateErrors(QuteProcessor.java:251)
[ERROR] 		... 10 more
[ERROR] 	Suppressed: io.quarkus.qute.TemplateException: ProfileResource/profile.html:136:90 - {questProfile.level.>=(5).?('1').:('0.5')}: Property/method [>=(5)] not found on class [int] nor handled by an extension method
[ERROR] 		at io.quarkus.qute.TemplateException$Builder.build(TemplateException.java:173)
[ERROR] 		at io.quarkus.qute.deployment.QuteProcessor.processTemplateErrors(QuteProcessor.java:251)
[ERROR] 		... 10 more
[ERROR] 	Suppressed: io.quarkus.qute.TemplateException: ProfileResource/profile.html:136:149 - {questProfile.level.>=(5).?('#ffd700').:('transparent')}: Property/method [>=(5)] not found on class [int] nor handled by an extension method
[ERROR] 		at io.quarkus.qute.TemplateException$Builder.build(TemplateException.java:173)
[ERROR] 		at io.quarkus.qute.deployment.QuteProcessor.processTemplateErrors(QuteProcessor.java:251)
[ERROR] 		... 10 more
[ERROR] 	Suppressed: io.quarkus.qute.TemplateException: ProfileResource/profile.html:142:90 - {questProfile.level.>=(10).?('1').:('0.5')}: Property/method [>=(10)] not found on class [int] nor handled by an extension method
[ERROR] 		at io.quarkus.qute.TemplateException$Builder.build(TemplateException.java:173)
[ERROR] 		at io.quarkus.qute.deployment.QuteProcessor.processTemplateErrors(QuteProcessor.java:251)
[ERROR] 		... 10 more
[ERROR] 	Suppressed: io.quarkus.qute.TemplateException: ProfileResource/profile.html:142:150 - {questProfile.level.>=(10).?('#ffd700').:('transparent')}: Property/method [>=(10)] not found on class [int] nor handled by an extension method
[ERROR] 		at io.quarkus.qute.TemplateException$Builder.build(TemplateException.java:173)
[ERROR] 		at io.quarkus.qute.deployment.QuteProcessor.processTemplateErrors(QuteProcessor.java:251)
[ERROR] 		... 10 more
[ERROR] 
[ERROR] 	at io.quarkus.runner.bootstrap.AugmentActionImpl.runAugment(AugmentActionImpl.java:376)
[ERROR] 	at io.quarkus.runner.bootstrap.AugmentActionImpl.createInitialRuntimeApplication(AugmentActionImpl.java:293)
[ERROR] 	at io.quarkus.runner.bootstrap.AugmentActionImpl.createInitialRuntimeApplication(AugmentActionImpl.java:61)
[ERROR] 	at io.quarkus.test.junit.AppMakerHelper.getStartupAction(AppMakerHelper.java:253)
[ERROR] 	at io.quarkus.test.junit.classloading.FacadeClassLoader.getOrCreateRuntimeClassLoader(FacadeClassLoader.java:544)
[ERROR] 	at io.quarkus.test.junit.classloading.FacadeClassLoader.getQuarkusClassLoader(FacadeClassLoader.java:441)
[ERROR] 	at io.quarkus.test.junit.classloading.FacadeClassLoader.loadClass(FacadeClassLoader.java:330)
[ERROR] 	at java.base/java.lang.Class.forName0(Native Method)
[ERROR] 	at java.base/java.lang.Class.forName(Class.java:534)
[ERROR] 	at java.base/java.lang.Class.forName(Class.java:513)
[ERROR] 	at org.junit.platform.commons.util.ReflectionUtils.lambda$tryToLoadClass$10(ReflectionUtils.java:886)
[ERROR] 	at org.junit.platform.commons.function.Try.lambda$call$0(Try.java:57)
[ERROR] 	at org.junit.platform.commons.function.Try.of(Try.java:93)
[ERROR] 	at org.junit.platform.commons.function.Try.call(Try.java:57)
[ERROR] 	at org.junit.platform.commons.util.ReflectionUtils.tryToLoadClass(ReflectionUtils.java:873)
[ERROR] 	at org.junit.platform.commons.util.ReflectionUtils.tryToLoadClass(ReflectionUtils.java:810)
[ERROR] 	at org.junit.platform.commons.support.ReflectionSupport.tryToLoadClass(ReflectionSupport.java:94)
[ERROR] 	at org.junit.platform.engine.discovery.ClassSelector.getJavaClass(ClassSelector.java:95)
[ERROR] 	... 38 more
[ERROR] Caused by: io.quarkus.builder.BuildException: Build failure: Build failed due to errors
[ERROR] 	[error]: Build step io.quarkus.qute.deployment.QuteProcessor#processTemplateErrors threw an exception: io.quarkus.qute.TemplateException: Found incorrect expressions (8):
[ERROR] 	[1] ProfileResource/profile.html:124:90 - {questProfile.level.>=(1).?('1').:('0.5')}: Property/method [>=(1)] not found on class [int] nor handled by an extension method
[ERROR] 	[2] ProfileResource/profile.html:124:149 - {questProfile.level.>=(1).?('#ffd700').:('transparent')}: Property/method [>=(1)] not found on class [int] nor handled by an extension method
[ERROR] 	[3] ProfileResource/profile.html:130:90 - {questProfile.level.>=(3).?('1').:('0.5')}: Property/method [>=(3)] not found on class [int] nor handled by an extension method
[ERROR] 	[4] ProfileResource/profile.html:130:149 - {questProfile.level.>=(3).?('#ffd700').:('transparent')}: Property/method [>=(3)] not found on class [int] nor handled by an extension method
[ERROR] 	[5] ProfileResource/profile.html:136:90 - {questProfile.level.>=(5).?('1').:('0.5')}: Property/method [>=(5)] not found on class [int] nor handled by an extension method
[ERROR] 	[6] ProfileResource/profile.html:136:149 - {questProfile.level.>=(5).?('#ffd700').:('transparent')}: Property/method [>=(5)] not found on class [int] nor handled by an extension method
[ERROR] 	[7] ProfileResource/profile.html:142:90 - {questProfile.level.>=(10).?('1').:('0.5')}: Property/method [>=(10)] not found on class [int] nor handled by an extension method
[ERROR] 	[8] ProfileResource/profile.html:142:150 - {questProfile.level.>=(10).?('#ffd700').:('transparent')}: Property/method [>=(10)] not found on class [int] nor handled by an extension method
[ERROR] 
[ERROR] 	at io.quarkus.qute.deployment.QuteProcessor.processTemplateErrors(QuteProcessor.java:274)
[ERROR] 	at java.base/java.lang.invoke.MethodHandle.invokeWithArguments(MethodHandle.java:733)
[ERROR] 	at io.quarkus.deployment.ExtensionLoader$3.execute(ExtensionLoader.java:874)
[ERROR] 	at io.quarkus.builder.BuildContext.run(BuildContext.java:255)
[ERROR] 	at org.jboss.threads.ContextHandler$1.runWith(ContextHandler.java:18)
[ERROR] 	at org.jboss.threads.EnhancedQueueExecutor$Task.doRunWith(EnhancedQueueExecutor.java:2651)
[ERROR] 	at org.jboss.threads.EnhancedQueueExecutor$Task.run(EnhancedQueueExecutor.java:2630)
[ERROR] 	at org.jboss.threads.EnhancedQueueExecutor.runThreadBody(EnhancedQueueExecutor.java:1622)
[ERROR] 	at org.jboss.threads.EnhancedQueueExecutor$ThreadBody.run(EnhancedQueueExecutor.java:1589)
[ERROR] 	at java.base/java.lang.Thread.run(Thread.java:1583)
[ERROR] 	at org.jboss.threads.JBossThread.run(JBossThread.java:501)
[ERROR] 	Suppressed: io.quarkus.qute.TemplateException: ProfileResource/profile.html:124:90 - {questProfile.level.>=(1).?('1').:('0.5')}: Property/method [>=(1)] not found on class [int] nor handled by an extension method
[ERROR] 		at io.quarkus.qute.TemplateException$Builder.build(TemplateException.java:173)
[ERROR] 		at io.quarkus.qute.deployment.QuteProcessor.processTemplateErrors(QuteProcessor.java:251)
[ERROR] 		... 10 more
[ERROR] 	Suppressed: io.quarkus.qute.TemplateException: ProfileResource/profile.html:124:149 - {questProfile.level.>=(1).?('#ffd700').:('transparent')}: Property/method [>=(1)] not found on class [int] nor handled by an extension method
[ERROR] 		at io.quarkus.qute.TemplateException$Builder.build(TemplateException.java:173)
[ERROR] 		at io.quarkus.qute.deployment.QuteProcessor.processTemplateErrors(QuteProcessor.java:251)
[ERROR] 		... 10 more
[ERROR] 	Suppressed: io.quarkus.qute.TemplateException: ProfileResource/profile.html:130:90 - {questProfile.level.>=(3).?('1').:('0.5')}: Property/method [>=(3)] not found on class [int] nor handled by an extension method
[ERROR] 		at io.quarkus.qute.TemplateException$Builder.build(TemplateException.java:173)
[ERROR] 		at io.quarkus.qute.deployment.QuteProcessor.processTemplateErrors(QuteProcessor.java:251)
[ERROR] 		... 10 more
[ERROR] 	Suppressed: io.quarkus.qute.TemplateException: ProfileResource/profile.html:130:149 - {questProfile.level.>=(3).?('#ffd700').:('transparent')}: Property/method [>=(3)] not found on class [int] nor handled by an extension method
[ERROR] 		at io.quarkus.qute.TemplateException$Builder.build(TemplateException.java:173)
[ERROR] 		at io.quarkus.qute.deployment.QuteProcessor.processTemplateErrors(QuteProcessor.java:251)
[ERROR] 		... 10 more
[ERROR] 	Suppressed: io.quarkus.qute.TemplateException: ProfileResource/profile.html:136:90 - {questProfile.level.>=(5).?('1').:('0.5')}: Property/method [>=(5)] not found on class [int] nor handled by an extension method
[ERROR] 		at io.quarkus.qute.TemplateException$Builder.build(TemplateException.java:173)
[ERROR] 		at io.quarkus.qute.deployment.QuteProcessor.processTemplateErrors(QuteProcessor.java:251)
[ERROR] 		... 10 more
[ERROR] 	Suppressed: io.quarkus.qute.TemplateException: ProfileResource/profile.html:136:149 - {questProfile.level.>=(5).?('#ffd700').:('transparent')}: Property/method [>=(5)] not found on class [int] nor handled by an extension method
[ERROR] 		at io.quarkus.qute.TemplateException$Builder.build(TemplateException.java:173)
[ERROR] 		at io.quarkus.qute.deployment.QuteProcessor.processTemplateErrors(QuteProcessor.java:251)
[ERROR] 		... 10 more
[ERROR] 	Suppressed: io.quarkus.qute.TemplateException: ProfileResource/profile.html:142:90 - {questProfile.level.>=(10).?('1').:('0.5')}: Property/method [>=(10)] not found on class [int] nor handled by an extension method
[ERROR] 		at io.quarkus.qute.TemplateException$Builder.build(TemplateException.java:173)
[ERROR] 		at io.quarkus.qute.deployment.QuteProcessor.processTemplateErrors(QuteProcessor.java:251)
[ERROR] 		... 10 more
[ERROR] 	Suppressed: io.quarkus.qute.TemplateException: ProfileResource/profile.html:142:150 - {questProfile.level.>=(10).?('#ffd700').:('transparent')}: Property/method [>=(10)] not found on class [int] nor handled by an extension method
[ERROR] 		at io.quarkus.qute.TemplateException$Builder.build(TemplateException.java:173)
[ERROR] 		at io.quarkus.qute.deployment.QuteProcessor.processTemplateErrors(QuteProcessor.java:251)
[ERROR] 		... 10 more
[ERROR] 
[ERROR] 	at io.quarkus.builder.Execution.run(Execution.java:122)
[ERROR] 	at io.quarkus.builder.BuildExecutionBuilder.execute(BuildExecutionBuilder.java:78)
[ERROR] 	at io.quarkus.deployment.QuarkusAugmentor.run(QuarkusAugmentor.java:160)
[ERROR] 	at io.quarkus.runner.bootstrap.AugmentActionImpl.runAugment(AugmentActionImpl.java:372)
[ERROR] 	... 55 more
[ERROR] Caused by: io.quarkus.qute.TemplateException: Found incorrect expressions (8):
[ERROR] 	[1] ProfileResource/profile.html:124:90 - {questProfile.level.>=(1).?('1').:('0.5')}: Property/method [>=(1)] not found on class [int] nor handled by an extension method
[ERROR] 	[2] ProfileResource/profile.html:124:149 - {questProfile.level.>=(1).?('#ffd700').:('transparent')}: Property/method [>=(1)] not found on class [int] nor handled by an extension method
[ERROR] 	[3] ProfileResource/profile.html:130:90 - {questProfile.level.>=(3).?('1').:('0.5')}: Property/method [>=(3)] not found on class [int] nor handled by an extension method
[ERROR] 	[4] ProfileResource/profile.html:130:149 - {questProfile.level.>=(3).?('#ffd700').:('transparent')}: Property/method [>=(3)] not found on class [int] nor handled by an extension method
[ERROR] 	[5] ProfileResource/profile.html:136:90 - {questProfile.level.>=(5).?('1').:('0.5')}: Property/method [>=(5)] not found on class [int] nor handled by an extension method
[ERROR] 	[6] ProfileResource/profile.html:136:149 - {questProfile.level.>=(5).?('#ffd700').:('transparent')}: Property/method [>=(5)] not found on class [int] nor handled by an extension method
[ERROR] 	[7] ProfileResource/profile.html:142:90 - {questProfile.level.>=(10).?('1').:('0.5')}: Property/method [>=(10)] not found on class [int] nor handled by an extension method
[ERROR] 	[8] ProfileResource/profile.html:142:150 - {questProfile.level.>=(10).?('#ffd700').:('transparent')}: Property/method [>=(10)] not found on class [int] nor handled by an extension method
[ERROR] 
[ERROR] 	at io.quarkus.qute.deployment.QuteProcessor.processTemplateErrors(QuteProcessor.java:274)
[ERROR] 	at java.base/java.lang.invoke.MethodHandle.invokeWithArguments(MethodHandle.java:733)
[ERROR] 	at io.quarkus.deployment.ExtensionLoader$3.execute(ExtensionLoader.java:874)
[ERROR] 	at io.quarkus.builder.BuildContext.run(BuildContext.java:255)
[ERROR] 	at org.jboss.threads.ContextHandler$1.runWith(ContextHandler.java:18)
[ERROR] 	at org.jboss.threads.EnhancedQueueExecutor$Task.doRunWith(EnhancedQueueExecutor.java:2651)
[ERROR] 	at org.jboss.threads.EnhancedQueueExecutor$Task.run(EnhancedQueueExecutor.java:2630)
[ERROR] 	at org.jboss.threads.EnhancedQueueExecutor.runThreadBody(EnhancedQueueExecutor.java:1622)
[ERROR] 	at org.jboss.threads.EnhancedQueueExecutor$ThreadBody.run(EnhancedQueueExecutor.java:1589)
[ERROR] 	at java.base/java.lang.Thread.run(Thread.java:1583)
[ERROR] 	at org.jboss.threads.JBossThread.run(JBossThread.java:501)
[ERROR] 	Suppressed: io.quarkus.qute.TemplateException: ProfileResource/profile.html:124:90 - {questProfile.level.>=(1).?('1').:('0.5')}: Property/method [>=(1)] not found on class [int] nor handled by an extension method
[ERROR] 		at io.quarkus.qute.TemplateException$Builder.build(TemplateException.java:173)
[ERROR] 		at io.quarkus.qute.deployment.QuteProcessor.processTemplateErrors(QuteProcessor.java:251)
[ERROR] 		... 10 more
[ERROR] 	Suppressed: io.quarkus.qute.TemplateException: ProfileResource/profile.html:124:149 - {questProfile.level.>=(1).?('#ffd700').:('transparent')}: Property/method [>=(1)] not found on class [int] nor handled by an extension method
[ERROR] 		at io.quarkus.qute.TemplateException$Builder.build(TemplateException.java:173)
[ERROR] 		at io.quarkus.qute.deployment.QuteProcessor.processTemplateErrors(QuteProcessor.java:251)
[ERROR] 		... 10 more
[ERROR] 	Suppressed: io.quarkus.qute.TemplateException: ProfileResource/profile.html:130:90 - {questProfile.level.>=(3).?('1').:('0.5')}: Property/method [>=(3)] not found on class [int] nor handled by an extension method
[ERROR] 		at io.quarkus.qute.TemplateException$Builder.build(TemplateException.java:173)
[ERROR] 		at io.quarkus.qute.deployment.QuteProcessor.processTemplateErrors(QuteProcessor.java:251)
[ERROR] 		... 10 more
[ERROR] 	Suppressed: io.quarkus.qute.TemplateException: ProfileResource/profile.html:130:149 - {questProfile.level.>=(3).?('#ffd700').:('transparent')}: Property/method [>=(3)] not found on class [int] nor handled by an extension method
[ERROR] 		at io.quarkus.qute.TemplateException$Builder.build(TemplateException.java:173)
[ERROR] 		at io.quarkus.qute.deployment.QuteProcessor.processTemplateErrors(QuteProcessor.java:251)
[ERROR] 		... 10 more
[ERROR] 	Suppressed: io.quarkus.qute.TemplateException: ProfileResource/profile.html:136:90 - {questProfile.level.>=(5).?('1').:('0.5')}: Property/method [>=(5)] not found on class [int] nor handled by an extension method
[ERROR] 		at io.quarkus.qute.TemplateException$Builder.build(TemplateException.java:173)
[ERROR] 		at io.quarkus.qute.deployment.QuteProcessor.processTemplateErrors(QuteProcessor.java:251)
[ERROR] 		... 10 more
[ERROR] 	Suppressed: io.quarkus.qute.TemplateException: ProfileResource/profile.html:136:149 - {questProfile.level.>=(5).?('#ffd700').:('transparent')}: Property/method [>=(5)] not found on class [int] nor handled by an extension method
[ERROR] 		at io.quarkus.qute.TemplateException$Builder.build(TemplateException.java:173)
[ERROR] 		at io.quarkus.qute.deployment.QuteProcessor.processTemplateErrors(QuteProcessor.java:251)
[ERROR] 		... 10 more
[ERROR] 	Suppressed: io.quarkus.qute.TemplateException: ProfileResource/profile.html:142:90 - {questProfile.level.>=(10).?('1').:('0.5')}: Property/method [>=(10)] not found on class [int] nor handled by an extension method
[ERROR] 		at io.quarkus.qute.TemplateException$Builder.build(TemplateException.java:173)
[ERROR] 		at io.quarkus.qute.deployment.QuteProcessor.processTemplateErrors(QuteProcessor.java:251)
[ERROR] 		... 10 more
[ERROR] 	Suppressed: io.quarkus.qute.TemplateException: ProfileResource/profile.html:142:150 - {questProfile.level.>=(10).?('#ffd700').:('transparent')}: Property/method [>=(10)] not found on class [int] nor handled by an extension method
[ERROR] 		at io.quarkus.qute.TemplateException$Builder.build(TemplateException.java:173)
[ERROR] 		at io.quarkus.qute.deployment.QuteProcessor.processTemplateErrors(QuteProcessor.java:251)
[ERROR] 		... 10 more
[ERROR] 
[ERROR] org.apache.maven.surefire.booter.SurefireBooterForkException: There was an error in the forked process
[ERROR] TestEngine with ID 'junit-jupiter' encountered a critical issue during test discovery:
[ERROR] 
[ERROR] (1) [ERROR] ClassSelector [className = 'com.scanales.eventflow.admin.AdminAccessTest', classLoader = null] resolution failed
[ERROR]     Source: ClassSource [className = 'com.scanales.eventflow.admin.AdminAccessTest', filePosition = null]
[ERROR]             at com.scanales.eventflow.admin.AdminAccessTest.<no-method>(SourceFile:0)
[ERROR]     Cause: org.junit.platform.commons.PreconditionViolationException: Could not load class with name: com.scanales.eventflow.admin.AdminAccessTest
[ERROR] 	at org.junit.platform.engine.discovery.ClassSelector.lambda$getJavaClass$0(ClassSelector.java:98)
[ERROR] 	at org.junit.platform.commons.function.Try$Failure.getOrThrow(Try.java:335)
[ERROR] 	at org.junit.platform.engine.discovery.ClassSelector.getJavaClass(ClassSelector.java:97)
[ERROR] 	at org.junit.jupiter.engine.discovery.ClassSelectorResolver.resolve(ClassSelectorResolver.java:87)
[ERROR] 	at org.junit.platform.engine.support.discovery.EngineDiscoveryRequestResolution.lambda$resolve$2(EngineDiscoveryRequestResolution.java:135)
[ERROR] 	at java.base/java.util.stream.ReferencePipeline$3$1.accept(ReferencePipeline.java:197)
[ERROR] 	at java.base/java.util.ArrayList$ArrayListSpliterator.tryAdvance(ArrayList.java:1685)
[ERROR] 	at java.base/java.util.stream.ReferencePipeline.forEachWithCancel(ReferencePipeline.java:129)
[ERROR] 	at java.base/java.util.stream.AbstractPipeline.copyIntoWithCancel(AbstractPipeline.java:527)
[ERROR] 	at java.base/java.util.stream.AbstractPipeline.copyInto(AbstractPipeline.java:513)
[ERROR] 	at java.base/java.util.stream.AbstractPipeline.wrapAndCopyInto(AbstractPipeline.java:499)
[ERROR] 	at java.base/java.util.stream.FindOps$FindOp.evaluateSequential(FindOps.java:150)
[ERROR] 	at java.base/java.util.stream.AbstractPipeline.evaluate(AbstractPipeline.java:234)
[ERROR] 	at java.base/java.util.stream.ReferencePipeline.findFirst(ReferencePipeline.java:647)
[ERROR] 	at org.junit.platform.engine.support.discovery.EngineDiscoveryRequestResolution.resolve(EngineDiscoveryRequestResolution.java:189)
[ERROR] 	at org.junit.platform.engine.support.discovery.EngineDiscoveryRequestResolution.resolve(EngineDiscoveryRequestResolution.java:126)
[ERROR] 	at org.junit.platform.engine.support.discovery.EngineDiscoveryRequestResolution.resolveCompletely(EngineDiscoveryRequestResolution.java:92)
[ERROR] 	at org.junit.platform.engine.support.discovery.EngineDiscoveryRequestResolution.run(EngineDiscoveryRequestResolution.java:83)
[ERROR] 	at org.junit.platform.engine.support.discovery.EngineDiscoveryRequestResolver.resolve(EngineDiscoveryRequestResolver.java:148)
[ERROR] 	at org.junit.jupiter.engine.discovery.DiscoverySelectorResolver.resolveSelectors(DiscoverySelectorResolver.java:63)
[ERROR] 	at org.junit.jupiter.engine.JupiterTestEngine.discover(JupiterTestEngine.java:70)
[ERROR] 	at org.junit.platform.launcher.core.EngineDiscoveryOrchestrator.discoverEngineRoot(EngineDiscoveryOrchestrator.java:195)
[ERROR] 	at org.junit.platform.launcher.core.EngineDiscoveryOrchestrator.discoverSafely(EngineDiscoveryOrchestrator.java:174)
[ERROR] 	at org.junit.platform.launcher.core.EngineDiscoveryOrchestrator.discover(EngineDiscoveryOrchestrator.java:119)
[ERROR] 	at org.junit.platform.launcher.core.EngineDiscoveryOrchestrator.discover(EngineDiscoveryOrchestrator.java:84)
[ERROR] 	at org.junit.platform.launcher.core.DefaultLauncher.discover(DefaultLauncher.java:104)
[ERROR] 	at org.junit.platform.launcher.core.DefaultLauncher.discover(DefaultLauncher.java:83)
[ERROR] 	at org.junit.platform.launcher.core.DelegatingLauncher.discover(DelegatingLauncher.java:42)
[ERROR] 	at org.junit.platform.launcher.core.InterceptingLauncher.lambda$discover$0(InterceptingLauncher.java:33)
[ERROR] 	at org.junit.platform.launcher.core.ClasspathAlignmentCheckingLauncherInterceptor.intercept(ClasspathAlignmentCheckingLauncherInterceptor.java:25)
[ERROR] 	at org.junit.platform.launcher.core.InterceptingLauncher.discover(InterceptingLauncher.java:33)
[ERROR] 	at org.junit.platform.launcher.core.DelegatingLauncher.discover(DelegatingLauncher.java:42)
[ERROR] 	at org.apache.maven.surefire.junitplatform.LazyLauncher.discover(LazyLauncher.java:50)
[ERROR] 	at org.apache.maven.surefire.junitplatform.TestPlanScannerFilter.accept(TestPlanScannerFilter.java:52)
[ERROR] 	at org.apache.maven.surefire.api.util.DefaultScanResult.applyFilter(DefaultScanResult.java:87)
[ERROR] 	at org.apache.maven.surefire.junitplatform.JUnitPlatformProvider.scanClasspath(JUnitPlatformProvider.java:144)
[ERROR] 	at org.apache.maven.surefire.junitplatform.JUnitPlatformProvider.invoke(JUnitPlatformProvider.java:124)
[ERROR] 	at org.apache.maven.surefire.booter.ForkedBooter.runSuitesInProcess(ForkedBooter.java:385)
[ERROR] 	at org.apache.maven.surefire.booter.ForkedBooter.execute(ForkedBooter.java:162)
[ERROR] 	at org.apache.maven.surefire.booter.ForkedBooter.run(ForkedBooter.java:507)
[ERROR] 	at org.apache.maven.surefire.booter.ForkedBooter.main(ForkedBooter.java:495)
[ERROR] Caused by: java.lang.RuntimeException: io.quarkus.builder.BuildException: Build failure: Build failed due to errors
[ERROR] 	[error]: Build step io.quarkus.qute.deployment.QuteProcessor#processTemplateErrors threw an exception: io.quarkus.qute.TemplateException: Found incorrect expressions (8):
[ERROR] 	[1] ProfileResource/profile.html:124:90 - {questProfile.level.>=(1).?('1').:('0.5')}: Property/method [>=(1)] not found on class [int] nor handled by an extension method
[ERROR] 	[2] ProfileResource/profile.html:124:149 - {questProfile.level.>=(1).?('#ffd700').:('transparent')}: Property/method [>=(1)] not found on class [int] nor handled by an extension method
[ERROR] 	[3] ProfileResource/profile.html:130:90 - {questProfile.level.>=(3).?('1').:('0.5')}: Property/method [>=(3)] not found on class [int] nor handled by an extension method
[ERROR] 	[4] ProfileResource/profile.html:130:149 - {questProfile.level.>=(3).?('#ffd700').:('transparent')}: Property/method [>=(3)] not found on class [int] nor handled by an extension method
[ERROR] 	[5] ProfileResource/profile.html:136:90 - {questProfile.level.>=(5).?('1').:('0.5')}: Property/method [>=(5)] not found on class [int] nor handled by an extension method
[ERROR] 	[6] ProfileResource/profile.html:136:149 - {questProfile.level.>=(5).?('#ffd700').:('transparent')}: Property/method [>=(5)] not found on class [int] nor handled by an extension method
[ERROR] 	[7] ProfileResource/profile.html:142:90 - {questProfile.level.>=(10).?('1').:('0.5')}: Property/method [>=(10)] not found on class [int] nor handled by an extension method
[ERROR] 	[8] ProfileResource/profile.html:142:150 - {questProfile.level.>=(10).?('#ffd700').:('transparent')}: Property/method [>=(10)] not found on class [int] nor handled by an extension method
[ERROR] 
[ERROR] 	at io.quarkus.qute.deployment.QuteProcessor.processTemplateErrors(QuteProcessor.java:274)
[ERROR] 	at java.base/java.lang.invoke.MethodHandle.invokeWithArguments(MethodHandle.java:733)
[ERROR] 	at io.quarkus.deployment.ExtensionLoader$3.execute(ExtensionLoader.java:874)
[ERROR] 	at io.quarkus.builder.BuildContext.run(BuildContext.java:255)
[ERROR] 	at org.jboss.threads.ContextHandler$1.runWith(ContextHandler.java:18)
[ERROR] 	at org.jboss.threads.EnhancedQueueExecutor$Task.doRunWith(EnhancedQueueExecutor.java:2651)
[ERROR] 	at org.jboss.threads.EnhancedQueueExecutor$Task.run(EnhancedQueueExecutor.java:2630)
[ERROR] 	at org.jboss.threads.EnhancedQueueExecutor.runThreadBody(EnhancedQueueExecutor.java:1622)
[ERROR] 	at org.jboss.threads.EnhancedQueueExecutor$ThreadBody.run(EnhancedQueueExecutor.java:1589)
[ERROR] 	at java.base/java.lang.Thread.run(Thread.java:1583)
[ERROR] 	at org.jboss.threads.JBossThread.run(JBossThread.java:501)
[ERROR] 	Suppressed: io.quarkus.qute.TemplateException: ProfileResource/profile.html:124:90 - {questProfile.level.>=(1).?('1').:('0.5')}: Property/method [>=(1)] not found on class [int] nor handled by an extension method
[ERROR] 		at io.quarkus.qute.TemplateException$Builder.build(TemplateException.java:173)
[ERROR] 		at io.quarkus.qute.deployment.QuteProcessor.processTemplateErrors(QuteProcessor.java:251)
[ERROR] 		... 10 more
[ERROR] 	Suppressed: io.quarkus.qute.TemplateException: ProfileResource/profile.html:124:149 - {questProfile.level.>=(1).?('#ffd700').:('transparent')}: Property/method [>=(1)] not found on class [int] nor handled by an extension method
[ERROR] 		at io.quarkus.qute.TemplateException$Builder.build(TemplateException.java:173)
[ERROR] 		at io.quarkus.qute.deployment.QuteProcessor.processTemplateErrors(QuteProcessor.java:251)
[ERROR] 		... 10 more
[ERROR] 	Suppressed: io.quarkus.qute.TemplateException: ProfileResource/profile.html:130:90 - {questProfile.level.>=(3).?('1').:('0.5')}: Property/method [>=(3)] not found on class [int] nor handled by an extension method
[ERROR] 		at io.quarkus.qute.TemplateException$Builder.build(TemplateException.java:173)
[ERROR] 		at io.quarkus.qute.deployment.QuteProcessor.processTemplateErrors(QuteProcessor.java:251)
[ERROR] 		... 10 more
[ERROR] 	Suppressed: io.quarkus.qute.TemplateException: ProfileResource/profile.html:130:149 - {questProfile.level.>=(3).?('#ffd700').:('transparent')}: Property/method [>=(3)] not found on class [int] nor handled by an extension method
[ERROR] 		at io.quarkus.qute.TemplateException$Builder.build(TemplateException.java:173)
[ERROR] 		at io.quarkus.qute.deployment.QuteProcessor.processTemplateErrors(QuteProcessor.java:251)
[ERROR] 		... 10 more
[ERROR] 	Suppressed: io.quarkus.qute.TemplateException: ProfileResource/profile.html:136:90 - {questProfile.level.>=(5).?('1').:('0.5')}: Property/method [>=(5)] not found on class [int] nor handled by an extension method
[ERROR] 		at io.quarkus.qute.TemplateException$Builder.build(TemplateException.java:173)
[ERROR] 		at io.quarkus.qute.deployment.QuteProcessor.processTemplateErrors(QuteProcessor.java:251)
[ERROR] 		... 10 more
[ERROR] 	Suppressed: io.quarkus.qute.TemplateException: ProfileResource/profile.html:136:149 - {questProfile.level.>=(5).?('#ffd700').:('transparent')}: Property/method [>=(5)] not found on class [int] nor handled by an extension method
[ERROR] 		at io.quarkus.qute.TemplateException$Builder.build(TemplateException.java:173)
[ERROR] 		at io.quarkus.qute.deployment.QuteProcessor.processTemplateErrors(QuteProcessor.java:251)
[ERROR] 		... 10 more
[ERROR] 	Suppressed: io.quarkus.qute.TemplateException: ProfileResource/profile.html:142:90 - {questProfile.level.>=(10).?('1').:('0.5')}: Property/method [>=(10)] not found on class [int] nor handled by an extension method
[ERROR] 		at io.quarkus.qute.TemplateException$Builder.build(TemplateException.java:173)
[ERROR] 		at io.quarkus.qute.deployment.QuteProcessor.processTemplateErrors(QuteProcessor.java:251)
[ERROR] 		... 10 more
[ERROR] 	Suppressed: io.quarkus.qute.TemplateException: ProfileResource/profile.html:142:150 - {questProfile.level.>=(10).?('#ffd700').:('transparent')}: Property/method [>=(10)] not found on class [int] nor handled by an extension method
[ERROR] 		at io.quarkus.qute.TemplateException$Builder.build(TemplateException.java:173)
[ERROR] 		at io.quarkus.qute.deployment.QuteProcessor.processTemplateErrors(QuteProcessor.java:251)
[ERROR] 		... 10 more
[ERROR] 
[ERROR] 	at io.quarkus.runner.bootstrap.AugmentActionImpl.runAugment(AugmentActionImpl.java:376)
[ERROR] 	at io.quarkus.runner.bootstrap.AugmentActionImpl.createInitialRuntimeApplication(AugmentActionImpl.java:293)
[ERROR] 	at io.quarkus.runner.bootstrap.AugmentActionImpl.createInitialRuntimeApplication(AugmentActionImpl.java:61)
[ERROR] 	at io.quarkus.test.junit.AppMakerHelper.getStartupAction(AppMakerHelper.java:253)
[ERROR] 	at io.quarkus.test.junit.classloading.FacadeClassLoader.getOrCreateRuntimeClassLoader(FacadeClassLoader.java:544)
[ERROR] 	at io.quarkus.test.junit.classloading.FacadeClassLoader.getQuarkusClassLoader(FacadeClassLoader.java:441)
[ERROR] 	at io.quarkus.test.junit.classloading.FacadeClassLoader.loadClass(FacadeClassLoader.java:330)
[ERROR] 	at java.base/java.lang.Class.forName0(Native Method)
[ERROR] 	at java.base/java.lang.Class.forName(Class.java:534)
[ERROR] 	at java.base/java.lang.Class.forName(Class.java:513)
[ERROR] 	at org.junit.platform.commons.util.ReflectionUtils.lambda$tryToLoadClass$10(ReflectionUtils.java:886)
[ERROR] 	at org.junit.platform.commons.function.Try.lambda$call$0(Try.java:57)
[ERROR] 	at org.junit.platform.commons.function.Try.of(Try.java:93)
[ERROR] 	at org.junit.platform.commons.function.Try.call(Try.java:57)
[ERROR] 	at org.junit.platform.commons.util.ReflectionUtils.tryToLoadClass(ReflectionUtils.java:873)
[ERROR] 	at org.junit.platform.commons.util.ReflectionUtils.tryToLoadClass(ReflectionUtils.java:810)
[ERROR] 	at org.junit.platform.commons.support.ReflectionSupport.tryToLoadClass(ReflectionSupport.java:94)
[ERROR] 	at org.junit.platform.engine.discovery.ClassSelector.getJavaClass(ClassSelector.java:95)
[ERROR] 	... 38 more
[ERROR] Caused by: io.quarkus.builder.BuildException: Build failure: Build failed due to errors
[ERROR] 	[error]: Build step io.quarkus.qute.deployment.QuteProcessor#processTemplateErrors threw an exception: io.quarkus.qute.TemplateException: Found incorrect expressions (8):
[ERROR] 	[1] ProfileResource/profile.html:124:90 - {questProfile.level.>=(1).?('1').:('0.5')}: Property/method [>=(1)] not found on class [int] nor handled by an extension method
[ERROR] 	[2] ProfileResource/profile.html:124:149 - {questProfile.level.>=(1).?('#ffd700').:('transparent')}: Property/method [>=(1)] not found on class [int] nor handled by an extension method
[ERROR] 	[3] ProfileResource/profile.html:130:90 - {questProfile.level.>=(3).?('1').:('0.5')}: Property/method [>=(3)] not found on class [int] nor handled by an extension method
[ERROR] 	[4] ProfileResource/profile.html:130:149 - {questProfile.level.>=(3).?('#ffd700').:('transparent')}: Property/method [>=(3)] not found on class [int] nor handled by an extension method
[ERROR] 	[5] ProfileResource/profile.html:136:90 - {questProfile.level.>=(5).?('1').:('0.5')}: Property/method [>=(5)] not found on class [int] nor handled by an extension method
[ERROR] 	[6] ProfileResource/profile.html:136:149 - {questProfile.level.>=(5).?('#ffd700').:('transparent')}: Property/method [>=(5)] not found on class [int] nor handled by an extension method
[ERROR] 	[7] ProfileResource/profile.html:142:90 - {questProfile.level.>=(10).?('1').:('0.5')}: Property/method [>=(10)] not found on class [int] nor handled by an extension method
[ERROR] 	[8] ProfileResource/profile.html:142:150 - {questProfile.level.>=(10).?('#ffd700').:('transparent')}: Property/method [>=(10)] not found on class [int] nor handled by an extension method
[ERROR] 
[ERROR] 	at io.quarkus.qute.deployment.QuteProcessor.processTemplateErrors(QuteProcessor.java:274)
[ERROR] 	at java.base/java.lang.invoke.MethodHandle.invokeWithArguments(MethodHandle.java:733)
[ERROR] 	at io.quarkus.deployment.ExtensionLoader$3.execute(ExtensionLoader.java:874)
[ERROR] 	at io.quarkus.builder.BuildContext.run(BuildContext.java:255)
[ERROR] 	at org.jboss.threads.ContextHandler$1.runWith(ContextHandler.java:18)
[ERROR] 	at org.jboss.threads.EnhancedQueueExecutor$Task.doRunWith(EnhancedQueueExecutor.java:2651)
[ERROR] 	at org.jboss.threads.EnhancedQueueExecutor$Task.run(EnhancedQueueExecutor.java:2630)
[ERROR] 	at org.jboss.threads.EnhancedQueueExecutor.runThreadBody(EnhancedQueueExecutor.java:1622)
[ERROR] 	at org.jboss.threads.EnhancedQueueExecutor$ThreadBody.run(EnhancedQueueExecutor.java:1589)
[ERROR] 	at java.base/java.lang.Thread.run(Thread.java:1583)
[ERROR] 	at org.jboss.threads.JBossThread.run(JBossThread.java:501)
[ERROR] 	Suppressed: io.quarkus.qute.TemplateException: ProfileResource/profile.html:124:90 - {questProfile.level.>=(1).?('1').:('0.5')}: Property/method [>=(1)] not found on class [int] nor handled by an extension method
[ERROR] 		at io.quarkus.qute.TemplateException$Builder.build(TemplateException.java:173)
[ERROR] 		at io.quarkus.qute.deployment.QuteProcessor.processTemplateErrors(QuteProcessor.java:251)
[ERROR] 		... 10 more
[ERROR] 	Suppressed: io.quarkus.qute.TemplateException: ProfileResource/profile.html:124:149 - {questProfile.level.>=(1).?('#ffd700').:('transparent')}: Property/method [>=(1)] not found on class [int] nor handled by an extension method
[ERROR] 		at io.quarkus.qute.TemplateException$Builder.build(TemplateException.java:173)
[ERROR] 		at io.quarkus.qute.deployment.QuteProcessor.processTemplateErrors(QuteProcessor.java:251)
[ERROR] 		... 10 more
[ERROR] 	Suppressed: io.quarkus.qute.TemplateException: ProfileResource/profile.html:130:90 - {questProfile.level.>=(3).?('1').:('0.5')}: Property/method [>=(3)] not found on class [int] nor handled by an extension method
[ERROR] 		at io.quarkus.qute.TemplateException$Builder.build(TemplateException.java:173)
[ERROR] 		at io.quarkus.qute.deployment.QuteProcessor.processTemplateErrors(QuteProcessor.java:251)
[ERROR] 		... 10 more
[ERROR] 	Suppressed: io.quarkus.qute.TemplateException: ProfileResource/profile.html:130:149 - {questProfile.level.>=(3).?('#ffd700').:('transparent')}: Property/method [>=(3)] not found on class [int] nor handled by an extension method
[ERROR] 		at io.quarkus.qute.TemplateException$Builder.build(TemplateException.java:173)
[ERROR] 		at io.quarkus.qute.deployment.QuteProcessor.processTemplateErrors(QuteProcessor.java:251)
[ERROR] 		... 10 more
[ERROR] 	Suppressed: io.quarkus.qute.TemplateException: ProfileResource/profile.html:136:90 - {questProfile.level.>=(5).?('1').:('0.5')}: Property/method [>=(5)] not found on class [int] nor handled by an extension method
[ERROR] 		at io.quarkus.qute.TemplateException$Builder.build(TemplateException.java:173)
[ERROR] 		at io.quarkus.qute.deployment.QuteProcessor.processTemplateErrors(QuteProcessor.java:251)
[ERROR] 		... 10 more
[ERROR] 	Suppressed: io.quarkus.qute.TemplateException: ProfileResource/profile.html:136:149 - {questProfile.level.>=(5).?('#ffd700').:('transparent')}: Property/method [>=(5)] not found on class [int] nor handled by an extension method
[ERROR] 		at io.quarkus.qute.TemplateException$Builder.build(TemplateException.java:173)
[ERROR] 		at io.quarkus.qute.deployment.QuteProcessor.processTemplateErrors(QuteProcessor.java:251)
[ERROR] 		... 10 more
[ERROR] 	Suppressed: io.quarkus.qute.TemplateException: ProfileResource/profile.html:142:90 - {questProfile.level.>=(10).?('1').:('0.5')}: Property/method [>=(10)] not found on class [int] nor handled by an extension method
[ERROR] 		at io.quarkus.qute.TemplateException$Builder.build(TemplateException.java:173)
[ERROR] 		at io.quarkus.qute.deployment.QuteProcessor.processTemplateErrors(QuteProcessor.java:251)
[ERROR] 		... 10 more
[ERROR] 	Suppressed: io.quarkus.qute.TemplateException: ProfileResource/profile.html:142:150 - {questProfile.level.>=(10).?('#ffd700').:('transparent')}: Property/method [>=(10)] not found on class [int] nor handled by an extension method
[ERROR] 		at io.quarkus.qute.TemplateException$Builder.build(TemplateException.java:173)
[ERROR] 		at io.quarkus.qute.deployment.QuteProcessor.processTemplateErrors(QuteProcessor.java:251)
[ERROR] 		... 10 more
[ERROR] 
[ERROR] 	at io.quarkus.builder.Execution.run(Execution.java:122)
[ERROR] 	at io.quarkus.builder.BuildExecutionBuilder.execute(BuildExecutionBuilder.java:78)
[ERROR] 	at io.quarkus.deployment.QuarkusAugmentor.run(QuarkusAugmentor.java:160)
[ERROR] 	at io.quarkus.runner.bootstrap.AugmentActionImpl.runAugment(AugmentActionImpl.java:372)
[ERROR] 	... 55 more
[ERROR] Caused by: io.quarkus.qute.TemplateException: Found incorrect expressions (8):
[ERROR] 	[1] ProfileResource/profile.html:124:90 - {questProfile.level.>=(1).?('1').:('0.5')}: Property/method [>=(1)] not found on class [int] nor handled by an extension method
[ERROR] 	[2] ProfileResource/profile.html:124:149 - {questProfile.level.>=(1).?('#ffd700').:('transparent')}: Property/method [>=(1)] not found on class [int] nor handled by an extension method
[ERROR] 	[3] ProfileResource/profile.html:130:90 - {questProfile.level.>=(3).?('1').:('0.5')}: Property/method [>=(3)] not found on class [int] nor handled by an extension method
[ERROR] 	[4] ProfileResource/profile.html:130:149 - {questProfile.level.>=(3).?('#ffd700').:('transparent')}: Property/method [>=(3)] not found on class [int] nor handled by an extension method
[ERROR] 	[5] ProfileResource/profile.html:136:90 - {questProfile.level.>=(5).?('1').:('0.5')}: Property/method [>=(5)] not found on class [int] nor handled by an extension method
[ERROR] 	[6] ProfileResource/profile.html:136:149 - {questProfile.level.>=(5).?('#ffd700').:('transparent')}: Property/method [>=(5)] not found on class [int] nor handled by an extension method
[ERROR] 	[7] ProfileResource/profile.html:142:90 - {questProfile.level.>=(10).?('1').:('0.5')}: Property/method [>=(10)] not found on class [int] nor handled by an extension method
[ERROR] 	[8] ProfileResource/profile.html:142:150 - {questProfile.level.>=(10).?('#ffd700').:('transparent')}: Property/method [>=(10)] not found on class [int] nor handled by an extension method
[ERROR] 
[ERROR] 	at io.quarkus.qute.deployment.QuteProcessor.processTemplateErrors(QuteProcessor.java:274)
[ERROR] 	at java.base/java.lang.invoke.MethodHandle.invokeWithArguments(MethodHandle.java:733)
[ERROR] 	at io.quarkus.deployment.ExtensionLoader$3.execute(ExtensionLoader.java:874)
[ERROR] 	at io.quarkus.builder.BuildContext.run(BuildContext.java:255)
[ERROR] 	at org.jboss.threads.ContextHandler$1.runWith(ContextHandler.java:18)
[ERROR] 	at org.jboss.threads.EnhancedQueueExecutor$Task.doRunWith(EnhancedQueueExecutor.java:2651)
[ERROR] 	at org.jboss.threads.EnhancedQueueExecutor$Task.run(EnhancedQueueExecutor.java:2630)
[ERROR] 	at org.jboss.threads.EnhancedQueueExecutor.runThreadBody(EnhancedQueueExecutor.java:1622)
[ERROR] 	at org.jboss.threads.EnhancedQueueExecutor$ThreadBody.run(EnhancedQueueExecutor.java:1589)
[ERROR] 	at java.base/java.lang.Thread.run(Thread.java:1583)
[ERROR] 	at org.jboss.threads.JBossThread.run(JBossThread.java:501)
[ERROR] 	Suppressed: io.quarkus.qute.TemplateException: ProfileResource/profile.html:124:90 - {questProfile.level.>=(1).?('1').:('0.5')}: Property/method [>=(1)] not found on class [int] nor handled by an extension method
[ERROR] 		at io.quarkus.qute.TemplateException$Builder.build(TemplateException.java:173)
[ERROR] 		at io.quarkus.qute.deployment.QuteProcessor.processTemplateErrors(QuteProcessor.java:251)
[ERROR] 		... 10 more
[ERROR] 	Suppressed: io.quarkus.qute.TemplateException: ProfileResource/profile.html:124:149 - {questProfile.level.>=(1).?('#ffd700').:('transparent')}: Property/method [>=(1)] not found on class [int] nor handled by an extension method
[ERROR] 		at io.quarkus.qute.TemplateException$Builder.build(TemplateException.java:173)
[ERROR] 		at io.quarkus.qute.deployment.QuteProcessor.processTemplateErrors(QuteProcessor.java:251)
[ERROR] 		... 10 more
[ERROR] 	Suppressed: io.quarkus.qute.TemplateException: ProfileResource/profile.html:130:90 - {questProfile.level.>=(3).?('1').:('0.5')}: Property/method [>=(3)] not found on class [int] nor handled by an extension method
[ERROR] 		at io.quarkus.qute.TemplateException$Builder.build(TemplateException.java:173)
[ERROR] 		at io.quarkus.qute.deployment.QuteProcessor.processTemplateErrors(QuteProcessor.java:251)
[ERROR] 		... 10 more
[ERROR] 	Suppressed: io.quarkus.qute.TemplateException: ProfileResource/profile.html:130:149 - {questProfile.level.>=(3).?('#ffd700').:('transparent')}: Property/method [>=(3)] not found on class [int] nor handled by an extension method
[ERROR] 		at io.quarkus.qute.TemplateException$Builder.build(TemplateException.java:173)
[ERROR] 		at io.quarkus.qute.deployment.QuteProcessor.processTemplateErrors(QuteProcessor.java:251)
[ERROR] 		... 10 more
[ERROR] 	Suppressed: io.quarkus.qute.TemplateException: ProfileResource/profile.html:136:90 - {questProfile.level.>=(5).?('1').:('0.5')}: Property/method [>=(5)] not found on class [int] nor handled by an extension method
[ERROR] 		at io.quarkus.qute.TemplateException$Builder.build(TemplateException.java:173)
[ERROR] 		at io.quarkus.qute.deployment.QuteProcessor.processTemplateErrors(QuteProcessor.java:251)
[ERROR] 		... 10 more
[ERROR] 	Suppressed: io.quarkus.qute.TemplateException: ProfileResource/profile.html:136:149 - {questProfile.level.>=(5).?('#ffd700').:('transparent')}: Property/method [>=(5)] not found on class [int] nor handled by an extension method
[ERROR] 		at io.quarkus.qute.TemplateException$Builder.build(TemplateException.java:173)
[ERROR] 		at io.quarkus.qute.deployment.QuteProcessor.processTemplateErrors(QuteProcessor.java:251)
[ERROR] 		... 10 more
[ERROR] 	Suppressed: io.quarkus.qute.TemplateException: ProfileResource/profile.html:142:90 - {questProfile.level.>=(10).?('1').:('0.5')}: Property/method [>=(10)] not found on class [int] nor handled by an extension method
[ERROR] 		at io.quarkus.qute.TemplateException$Builder.build(TemplateException.java:173)
[ERROR] 		at io.quarkus.qute.deployment.QuteProcessor.processTemplateErrors(QuteProcessor.java:251)
[ERROR] 		... 10 more
[ERROR] 	Suppressed: io.quarkus.qute.TemplateException: ProfileResource/profile.html:142:150 - {questProfile.level.>=(10).?('#ffd700').:('transparent')}: Property/method [>=(10)] not found on class [int] nor handled by an extension method
[ERROR] 		at io.quarkus.qute.TemplateException$Builder.build(TemplateException.java:173)
[ERROR] 		at io.quarkus.qute.deployment.QuteProcessor.processTemplateErrors(QuteProcessor.java:251)
[ERROR] 		... 10 more
[ERROR] 
[ERROR] 	at org.apache.maven.plugin.surefire.booterclient.ForkStarter.fork(ForkStarter.java:628)
[ERROR] 	at org.apache.maven.plugin.surefire.booterclient.ForkStarter.run(ForkStarter.java:285)
[ERROR] 	at org.apache.maven.plugin.surefire.booterclient.ForkStarter.run(ForkStarter.java:250)
[ERROR] 	at org.apache.maven.plugin.surefire.AbstractSurefireMojo.executeProvider(AbstractSurefireMojo.java:1337)
[ERROR] 	at org.apache.maven.plugin.surefire.AbstractSurefireMojo.executeAfterPreconditionsChecked(AbstractSurefireMojo.java:1135)
[ERROR] 	at org.apache.maven.plugin.surefire.AbstractSurefireMojo.execute(AbstractSurefireMojo.java:969)
[ERROR] 	at org.apache.maven.plugin.DefaultBuildPluginManager.executeMojo(DefaultBuildPluginManager.java:126)
[ERROR] 	at org.apache.maven.lifecycle.internal.MojoExecutor.doExecute2(MojoExecutor.java:328)
[ERROR] 	at org.apache.maven.lifecycle.internal.MojoExecutor.doExecute(MojoExecutor.java:316)
[ERROR] 	at org.apache.maven.lifecycle.internal.MojoExecutor.execute(MojoExecutor.java:212)
[ERROR] 	at org.apache.maven.lifecycle.internal.MojoExecutor.execute(MojoExecutor.java:174)
[ERROR] 	at org.apache.maven.lifecycle.internal.MojoExecutor.access$000(MojoExecutor.java:75)
[ERROR] 	at org.apache.maven.lifecycle.internal.MojoExecutor$1.run(MojoExecutor.java:162)
[ERROR] 	at org.apache.maven.plugin.DefaultMojosExecutionStrategy.execute(DefaultMojosExecutionStrategy.java:39)
[ERROR] 	at org.apache.maven.lifecycle.internal.MojoExecutor.execute(MojoExecutor.java:159)
[ERROR] 	at org.apache.maven.lifecycle.internal.LifecycleModuleBuilder.buildProject(LifecycleModuleBuilder.java:105)
[ERROR] 	at org.apache.maven.lifecycle.internal.LifecycleModuleBuilder.buildProject(LifecycleModuleBuilder.java:73)
[ERROR] 	at org.apache.maven.lifecycle.internal.builder.singlethreaded.SingleThreadedBuilder.build(SingleThreadedBuilder.java:53)
[ERROR] 	at org.apache.maven.lifecycle.internal.LifecycleStarter.execute(LifecycleStarter.java:118)
[ERROR] 	at org.apache.maven.DefaultMaven.doExecute(DefaultMaven.java:261)
[ERROR] 	at org.apache.maven.DefaultMaven.doExecute(DefaultMaven.java:173)
[ERROR] 	at org.apache.maven.DefaultMaven.execute(DefaultMaven.java:101)
[ERROR] 	at org.apache.maven.cli.MavenCli.execute(MavenCli.java:906)
[ERROR] 	at org.apache.maven.cli.MavenCli.doMain(MavenCli.java:283)
[ERROR] 	at org.apache.maven.cli.MavenCli.main(MavenCli.java:206)
[ERROR] 	at java.base/jdk.internal.reflect.DirectMethodHandleAccessor.invoke(DirectMethodHandleAccessor.java:103)
[ERROR] 	at java.base/java.lang.reflect.Method.invoke(Method.java:580)
[ERROR] 	at org.codehaus.plexus.classworlds.launcher.Launcher.launchEnhanced(Launcher.java:255)
[ERROR] 	at org.codehaus.plexus.classworlds.launcher.Launcher.launch(Launcher.java:201)
[ERROR] 	at org.codehaus.plexus.classworlds.launcher.Launcher.mainWithExitCode(Launcher.java:361)
[ERROR] 	at org.codehaus.plexus.classworlds.launcher.Launcher.main(Launcher.java:314)
[ERROR] 	at java.base/jdk.internal.reflect.DirectMethodHandleAccessor.invoke(DirectMethodHandleAccessor.java:103)
[ERROR] 	at java.base/java.lang.reflect.Method.invoke(Method.java:580)
[ERROR] 	at org.apache.maven.wrapper.BootstrapMainStarter.start(BootstrapMainStarter.java:52)
[ERROR] 	at org.apache.maven.wrapper.WrapperExecutor.execute(WrapperExecutor.java:161)
[ERROR] 	at org.apache.maven.wrapper.MavenWrapperMain.main(MavenWrapperMain.java:73)
[ERROR] 
[ERROR] -> [Help 1]
[ERROR] 
[ERROR] To see the full stack trace of the errors, re-run Maven with the -e switch.
[ERROR] Re-run Maven using the -X switch to enable full debug logging.
[ERROR] 
[ERROR] For more information about the errors and possible solutions, please read the following articles:
[ERROR] [Help 1] http://cwiki.apache.org/confluence/display/MAVEN/MojoExecutionException
